"C:/Users/fynnl/Desktop/Minor Skilled/Git/MiSkiPro/Prototype1/Content/Mannequin/Character/Mesh/UE4_Mannequin_Skeleton.uasset" 0
"C:/Users/fynnl/Desktop/Minor Skilled/Git/MiSkiPro/Prototype1/Content/Mannequin/Animations/ThirdPerson_Jump.uasset" 1
"C:/Users/fynnl/Desktop/Minor Skilled/Git/MiSkiPro/Prototype1/Content/Mannequin/Animations/ThirdPersonJump_Loop.uasset" 2
"C:/Users/fynnl/Desktop/Minor Skilled/Git/MiSkiPro/Prototype1/Content/Mannequin/Animations/ThirdPersonJump_Start.uasset" 3
"C:/Users/fynnl/Desktop/Minor Skilled/Git/MiSkiPro/Prototype1/Content/Mannequin/Animations/ThirdPersonIdle.uasset" 4
"../../../Engine/Content/Animation/DefaultAnimBoneCompressionSettings.uasset" 5
"C:/Users/fynnl/Desktop/Minor Skilled/Git/MiSkiPro/Prototype1/Content/Mannequin/Animations/ThirdPersonRun.uasset" 6
"C:/Users/fynnl/Desktop/Minor Skilled/Git/MiSkiPro/Prototype1/Content/Mannequin/Animations/ThirdPersonWalk.uasset" 7
"C:/Users/fynnl/Desktop/Minor Skilled/Git/MiSkiPro/Prototype1/Content/Mannequin/Animations/ThirdPerson_IdleRun_2D.uasset" 8
"../../../Engine/Content/EditorBlueprintResources/StandardMacros.uasset" 9
"C:/Users/fynnl/Desktop/Minor Skilled/Git/MiSkiPro/Prototype1/Content/Mannequin/Animations/ThirdPerson_AnimBP.uasset" 10
"C:/Users/fynnl/Desktop/Minor Skilled/Git/MiSkiPro/Prototype1/Content/FollowEnemy/Follower_BB.uasset" 11
"C:/Users/fynnl/Desktop/Minor Skilled/Git/MiSkiPro/Prototype1/Content/FollowEnemy/BTT_ChaseOrHugPlayer.uasset" 12
"C:/Users/fynnl/Desktop/Minor Skilled/Git/MiSkiPro/Prototype1/Content/FollowEnemy/BTT_FindRandomPatrol.uasset" 13
"C:/Users/fynnl/Desktop/Minor Skilled/Git/MiSkiPro/Prototype1/Content/FollowEnemy/Follower_BT.uasset" 14
"../../../Engine/Content/BasicShapes/BasicShapeMaterial.uasset" 15
"../../../Engine/Content/Functions/Engine_MaterialFunctions01/Opacity/CameraDepthFade.uasset" 16
"../../../Engine/Content/EngineMaterials/T_Default_Material_Grid_M.uasset" 17
"../../../Engine/Content/EngineMaterials/T_Default_Material_Grid_N.uasset" 18
"../../../Engine/Content/EngineMaterials/DefaultMaterial.uasset" 19
"../../../Engine/Content/BasicShapes/Sphere.uasset" 20
"C:/Users/fynnl/Desktop/Minor Skilled/Git/MiSkiPro/Prototype1/Content/StarterContent/Audio/Explosion01.uasset" 21
"C:/Users/fynnl/Desktop/Minor Skilled/Git/MiSkiPro/Prototype1/Content/MagicBall.uasset" 22
"C:/Users/fynnl/Desktop/Minor Skilled/Git/MiSkiPro/Prototype1/Content/StarterContent/Textures/T_Statue_M.uasset" 23
"C:/Users/fynnl/Desktop/Minor Skilled/Git/MiSkiPro/Prototype1/Content/StarterContent/Textures/T_Statue_N.uasset" 24
"C:/Users/fynnl/Desktop/Minor Skilled/Git/MiSkiPro/Prototype1/Content/StarterContent/Props/Materials/M_Statue.uasset" 25
"C:/Users/fynnl/Desktop/Minor Skilled/Git/MiSkiPro/Prototype1/Content/StarterContent/Props/Materials/M_StatueGlass.uasset" 26
"C:/Users/fynnl/Desktop/Minor Skilled/Git/MiSkiPro/Prototype1/Content/StarterContent/Props/SM_Statue.uasset" 27
"C:/Users/fynnl/Desktop/Minor Skilled/Git/MiSkiPro/Prototype1/Content/Shrine.uasset" 28
"C:/Users/fynnl/Desktop/Minor Skilled/Git/MiSkiPro/Prototype1/Content/FollowEnemy/Follower_Controller.uasset" 29
"C:/Users/fynnl/Desktop/Minor Skilled/Git/MiSkiPro/Prototype1/Content/Mannequin/Animations/Crouch_Walk_Forward.uasset" 30
"C:/Users/fynnl/Desktop/Minor Skilled/Git/MiSkiPro/Prototype1/Content/Mannequin/Animations/Crouching_Idle.uasset" 31
"C:/Users/fynnl/Desktop/Minor Skilled/Git/MiSkiPro/Prototype1/Content/Mannequin/Animations/WillOWisp_AnimBP.uasset" 32
"C:/Users/fynnl/Desktop/Minor Skilled/Git/MiSkiPro/Prototype1/Content/M_Prediction.uasset" 33
"C:/Users/fynnl/Desktop/Minor Skilled/Git/MiSkiPro/Prototype1/Content/Shaders/Textures/footprint.uasset" 34
"C:/Users/fynnl/Desktop/Minor Skilled/Git/MiSkiPro/Prototype1/Content/Shaders/Shaders/FootPrint_mat.uasset" 35
"C:/Users/fynnl/Desktop/Minor Skilled/Git/MiSkiPro/Prototype1/Content/Shaders/Shaders/Whisp_Sight_Collection.uasset" 36
"../../../Engine/Content/EngineMeshes/Cylinder.uasset" 37
"../../../Engine/Content/Functions/Engine_MaterialFunctions02/Utility/BlendAngleCorrectedNormals.uasset" 38
"../../../Engine/Content/Functions/MaterialLayerFunctions/MatLayerBlend_NormalBlend.uasset" 39
"../../../Engine/Content/Functions/MaterialLayerFunctions/MatLayerBlend_Simple.uasset" 40
"C:/Users/fynnl/Desktop/Minor Skilled/Git/MiSkiPro/Prototype1/Content/Mannequin/Character/Materials/MaterialLayers/T_ML_Rubber_Blue_01_D.uasset" 41
"C:/Users/fynnl/Desktop/Minor Skilled/Git/MiSkiPro/Prototype1/Content/Mannequin/Character/Materials/MaterialLayers/T_ML_Rubber_Blue_01_N.uasset" 42
"C:/Users/fynnl/Desktop/Minor Skilled/Git/MiSkiPro/Prototype1/Content/Mannequin/Character/Materials/MaterialLayers/ML_GlossyBlack_Latex_UE4.uasset" 43
"C:/Users/fynnl/Desktop/Minor Skilled/Git/MiSkiPro/Prototype1/Content/Mannequin/Character/Materials/MaterialLayers/ML_Plastic_Shiny_Beige.uasset" 44
"C:/Users/fynnl/Desktop/Minor Skilled/Git/MiSkiPro/Prototype1/Content/Mannequin/Character/Textures/UE4_LOGO_CARD.uasset" 45
"C:/Users/fynnl/Desktop/Minor Skilled/Git/MiSkiPro/Prototype1/Content/Mannequin/Character/Materials/MaterialLayers/ML_Plastic_Shiny_Beige_LOGO.uasset" 46
"C:/Users/fynnl/Desktop/Minor Skilled/Git/MiSkiPro/Prototype1/Content/Mannequin/Character/Materials/MaterialLayers/T_ML_Aluminum01.uasset" 47
"C:/Users/fynnl/Desktop/Minor Skilled/Git/MiSkiPro/Prototype1/Content/Mannequin/Character/Materials/MaterialLayers/T_ML_Aluminum01_N.uasset" 48
"C:/Users/fynnl/Desktop/Minor Skilled/Git/MiSkiPro/Prototype1/Content/Mannequin/Character/Materials/MaterialLayers/ML_SoftMetal_UE4.uasset" 49
"C:/Users/fynnl/Desktop/Minor Skilled/Git/MiSkiPro/Prototype1/Content/Mannequin/Character/Textures/UE4_Mannequin__normals.uasset" 50
"C:/Users/fynnl/Desktop/Minor Skilled/Git/MiSkiPro/Prototype1/Content/Mannequin/Character/Textures/UE4_Mannequin_MAT_MASKA.uasset" 51
"C:/Users/fynnl/Desktop/Minor Skilled/Git/MiSkiPro/Prototype1/Content/Mannequin/Character/Materials/M_UE4Man_Body.uasset" 52
"C:/Users/fynnl/Desktop/Minor Skilled/Git/MiSkiPro/Prototype1/Content/Mannequin/Character/Textures/UE4Man_Logo_N.uasset" 53
"C:/Users/fynnl/Desktop/Minor Skilled/Git/MiSkiPro/Prototype1/Content/Mannequin/Character/Materials/M_UE4Man_ChestLogo.uasset" 54
"C:/Users/fynnl/Desktop/Minor Skilled/Git/MiSkiPro/Prototype1/Content/Mannequin/Character/Mesh/SK_Mannequin_PhysicsAsset.uasset" 55
"C:/Users/fynnl/Desktop/Minor Skilled/Git/MiSkiPro/Prototype1/Content/Mannequin/Character/Mesh/SK_Mannequin.uasset" 56
"C:/Users/fynnl/Desktop/Minor Skilled/Git/MiSkiPro/Prototype1/Content/StarterContent/Textures/T_Burst_M.uasset" 57
"C:/Users/fynnl/Desktop/Minor Skilled/Git/MiSkiPro/Prototype1/Content/StarterContent/Particles/Materials/M_Burst.uasset" 58
"C:/Users/fynnl/Desktop/Minor Skilled/Git/MiSkiPro/Prototype1/Content/StarterContent/Textures/T_Explosion_SubUV.uasset" 59
"C:/Users/fynnl/Desktop/Minor Skilled/Git/MiSkiPro/Prototype1/Content/StarterContent/Particles/Materials/M_explosion_subUV.uasset" 60
"C:/Users/fynnl/Desktop/Minor Skilled/Git/MiSkiPro/Prototype1/Content/StarterContent/Particles/Materials/m_flare_01.uasset" 61
"../../../Engine/Content/Functions/Engine_MaterialFunctions01/Gradient/RadialGradient.uasset" 62
"C:/Users/fynnl/Desktop/Minor Skilled/Git/MiSkiPro/Prototype1/Content/StarterContent/Particles/Materials/M_radial_ramp.uasset" 63
"C:/Users/fynnl/Desktop/Minor Skilled/Git/MiSkiPro/Prototype1/Content/StarterContent/Textures/T_Smoke_SubUV.uasset" 64
"C:/Users/fynnl/Desktop/Minor Skilled/Git/MiSkiPro/Prototype1/Content/StarterContent/Textures/T_Smoke_Tiled_D.uasset" 65
"C:/Users/fynnl/Desktop/Minor Skilled/Git/MiSkiPro/Prototype1/Content/StarterContent/Particles/Materials/M_smoke_subUV.uasset" 66
"C:/Users/fynnl/Desktop/Minor Skilled/Git/MiSkiPro/Prototype1/Content/StarterContent/Particles/P_Explosion.uasset" 67
"C:/Users/fynnl/Desktop/Minor Skilled/Git/MiSkiPro/Prototype1/Content/UI_Related/MHUD.uasset" 68
"C:/Users/fynnl/Desktop/Minor Skilled/Git/MiSkiPro/Prototype1/Content/WillOWispCharacter.uasset" 69
"C:/Users/fynnl/Desktop/Minor Skilled/Git/MiSkiPro/Prototype1/Content/StarterContent/Textures/T_MacroVariation.uasset" 70
"C:/Users/fynnl/Desktop/Minor Skilled/Git/MiSkiPro/Prototype1/Content/StarterContent/Textures/T_Wood_Oak_D.uasset" 71
"C:/Users/fynnl/Desktop/Minor Skilled/Git/MiSkiPro/Prototype1/Content/StarterContent/Textures/T_Wood_Oak_N.uasset" 72
"C:/Users/fynnl/Desktop/Minor Skilled/Git/MiSkiPro/Prototype1/Content/StarterContent/Materials/M_Wood_Oak.uasset" 73
"../../../Engine/Content/BasicShapes/Cylinder.uasset" 74
"../../../Engine/Content/EditorMeshes/EditorCylinder.uasset" 75
"../../../Engine/Content/EngineMeshes/MaterialSphere.uasset" 76
"../../../Engine/Content/EngineMaterials/WorldGridMaterial.uasset" 77
"C:/Users/fynnl/Desktop/Minor Skilled/Git/MiSkiPro/Prototype1/Content/StarterContent/Props/MaterialSphere.uasset" 78
"C:/Users/fynnl/Desktop/Minor Skilled/Git/MiSkiPro/Prototype1/Content/TreeEnemy/TreeEnemyBP.uasset" 79
"../../../Engine/Content/Functions/Engine_MaterialFunctions01/Texturing/FlattenNormal.uasset" 80
"../../../Engine/Content/Functions/Engine_MaterialFunctions02/Utility/MakeFloat3.uasset" 81
"../../Plugins/Enterprise/DatasmithContent/Content/Materials/FBXImporter/VRED/ProcessNormal.uasset" 82
"../../Plugins/Enterprise/DatasmithContent/Content/Materials/FBXImporter/VRED/VREDRepeatMode.uasset" 83
"../../../Engine/Content/Functions/Engine_MaterialFunctions02/WorldPositionOffset/LocalPosition.uasset" 84
"../../Plugins/Enterprise/DatasmithContent/Content/Materials/FBXImporter/VRED/PlanarMapping.uasset" 85
"../../../Engine/Content/Functions/Engine_MaterialFunctions02/Texturing/CustomRotator.uasset" 86
"../../../Engine/Content/Functions/Engine_MaterialFunctions02/Utility/MakeFloat2.uasset" 87
"../../../Engine/Content/Functions/Engine_MaterialFunctions02/Utility/VectorLength.uasset" 88
"../../../Engine/Content/Functions/Engine_MaterialFunctions02/WorldPositionOffset/ObjectScale.uasset" 89
"../../Plugins/Enterprise/DatasmithContent/Content/Materials/FBXImporter/VRED/TriplanarMapping.uasset" 90
"../../Plugins/Enterprise/DatasmithContent/Content/Materials/FBXImporter/VRED/UVMapping.uasset" 91
"../../Plugins/Enterprise/DatasmithContent/Content/Materials/FBXImporter/VRED/VREDTextureRead.uasset" 92
"../../../Engine/Content/Functions/Engine_MaterialFunctions01/Texturing/BakedDisplacement.uasset" 93
"../../../Engine/Content/Functions/Engine_MaterialFunctions02/Fresnel_Function.uasset" 94
"../../../Engine/Content/Functions/Engine_MaterialFunctions02/Utility/BreakOutFloat3Components.uasset" 95
"../../../Engine/Content/EngineMaterials/DefaultDiffuse.uasset" 96
"../../../Engine/Content/Functions/Engine_MaterialFunctions01/Texturing/TextureCropping.uasset" 97
"../../../Engine/Content/Functions/Engine_MaterialFunctions01/Texturing/ComputeMipLevel.uasset" 98
"../../../Engine/Content/Functions/Engine_MaterialFunctions02/ExampleContent/DebugNumberStrip.uasset" 99
"../../../Engine/Content/Functions/Engine_MaterialFunctions02/ExampleContent/Textures/DebugNumberPeriod.uasset" 100
"../../../Engine/Content/Functions/Engine_MaterialFunctions02/Utility/DebugScalarValues.uasset" 101
"../../../Engine/Content/Functions/Engine_MaterialFunctions02/Utility/DebugFloat3Values.uasset" 102
"../../../Engine/Content/Functions/Engine_MaterialFunctions02/Math/RGBtoHSV.uasset" 103
"../../../Engine/Content/EngineResources/DefaultTexture.uasset" 104
"../../Plugins/Enterprise/DatasmithContent/Content/Materials/FBXImporter/VRED/Glass.uasset" 105
"C:/Users/fynnl/Desktop/Minor Skilled/Git/MiSkiPro/Prototype1/Content/StarterContent/Particles/P_Steam_Lit.uasset" 106
"C:/Users/fynnl/Desktop/Minor Skilled/Git/MiSkiPro/Prototype1/Content/FollowEnemy/Follower_Character.uasset" 107
"C:/Users/fynnl/Desktop/Minor Skilled/Git/MiSkiPro/Prototype1/Content/Enemy_Character.uasset" 108
"../../../Engine/Content/VREditor/Sounds/UI/Click_on_Button.uasset" 109
"C:/Users/fynnl/Desktop/Minor Skilled/Git/MiSkiPro/Prototype1/Content/Geometry/Meshes/CubeMaterial.uasset" 110
"C:/Users/fynnl/Desktop/Minor Skilled/Git/MiSkiPro/Prototype1/Content/Geometry/Meshes/1M_Cube.uasset" 111
"C:/Users/fynnl/Desktop/Minor Skilled/Git/MiSkiPro/Prototype1/Content/MagicCube.uasset" 112
"C:/Users/fynnl/Desktop/Minor Skilled/Git/MiSkiPro/Prototype1/Content/OpalTexture.uasset" 113
"C:/Users/fynnl/Desktop/Minor Skilled/Git/MiSkiPro/Prototype1/Content/rainbowbubbles.uasset" 114
"../../../Engine/Content/EngineFonts/RobotoDistanceField.uasset" 115
"C:/Users/fynnl/Desktop/Minor Skilled/Git/MiSkiPro/Prototype1/Content/EmissiveText.uasset" 116
"C:/Users/fynnl/Desktop/Minor Skilled/Git/MiSkiPro/Prototype1/Content/UI_Related/TutPopup.uasset" 117
"C:/Users/fynnl/Desktop/Minor Skilled/Git/MiSkiPro/Prototype1/Content/TutPopup.uasset" 118
"C:/Users/fynnl/Desktop/Minor Skilled/Git/MiSkiPro/Prototype1/Content/FollowEnemy/BTT_ChasePlayer.uasset" 119
"C:/Users/fynnl/Desktop/Minor Skilled/Git/MiSkiPro/Prototype1/Content/Mannequin/Animations/ThirdPersonJump_End.uasset" 120
"C:/Users/fynnl/Desktop/Minor Skilled/Git/MiSkiPro/Prototype1/Content/Shaders/Shaders/DistanceField.uasset" 121
"C:/Users/fynnl/Desktop/Minor Skilled/Git/MiSkiPro/Prototype1/Content/Shaders/Shaders/foliage_move.uasset" 122
"C:/Users/fynnl/Desktop/Minor Skilled/Git/MiSkiPro/Prototype1/Content/Shaders/Shaders/Glass.uasset" 123
"C:/Users/fynnl/Desktop/Minor Skilled/Git/MiSkiPro/Prototype1/Content/Shaders/Textures/images.uasset" 124
"C:/Users/fynnl/Desktop/Minor Skilled/Git/MiSkiPro/Prototype1/Content/Shaders/Shaders/Gradient_test.uasset" 125
"../../../Engine/Content/Functions/Engine_MaterialFunctions02/Utility/AppendMany.uasset" 126
"C:/Users/fynnl/Desktop/Minor Skilled/Git/MiSkiPro/Prototype1/Content/Shaders/Textures/grid_2.uasset" 127
"C:/Users/fynnl/Desktop/Minor Skilled/Git/MiSkiPro/Prototype1/Content/Shaders/Shaders/Specific_twist.uasset" 128
"C:/Users/fynnl/Desktop/Minor Skilled/Git/MiSkiPro/Prototype1/Content/Shaders/Shaders/foggy_woggy.uasset" 129
"C:/Users/fynnl/Desktop/Minor Skilled/Git/MiSkiPro/Prototype1/Content/Shaders/Shaders/Vision_postProcess.uasset" 130
"C:/Users/fynnl/Desktop/Minor Skilled/Git/MiSkiPro/Prototype1/Content/Shaders/Textures/background-radial-gradient-darker-3.uasset" 131
"C:/Users/fynnl/Desktop/Minor Skilled/Git/MiSkiPro/Prototype1/Content/Shaders/Textures/gradient.uasset" 132
"C:/Users/fynnl/Desktop/Minor Skilled/Git/MiSkiPro/Prototype1/Content/Shaders/Textures/gradient_2.uasset" 133
"C:/Users/fynnl/Desktop/Minor Skilled/Git/MiSkiPro/Prototype1/Content/Shaders/Textures/T_Tech_Hex_Tile_N.uasset" 134
"C:/Users/fynnl/Desktop/Minor Skilled/Git/MiSkiPro/Prototype1/Content/StarterContent/Materials/M_Basic_Wall.uasset" 135
"C:/Users/fynnl/Desktop/Minor Skilled/Git/MiSkiPro/Prototype1/Content/StarterContent/Architecture/Pillar_50x500.uasset" 136
"C:/Users/fynnl/Desktop/Minor Skilled/Git/MiSkiPro/Prototype1/Content/StarterContent/Architecture/Wall_400x300.uasset" 137
"C:/Users/fynnl/Desktop/Minor Skilled/Git/MiSkiPro/Prototype1/Content/StarterContent/Architecture/Wall_400x400.uasset" 138
"C:/Users/fynnl/Desktop/Minor Skilled/Git/MiSkiPro/Prototype1/Content/StarterContent/Architecture/Wall_500x500.uasset" 139
"C:/Users/fynnl/Desktop/Minor Skilled/Git/MiSkiPro/Prototype1/Content/StarterContent/Architecture/Wall_Door_400x400.uasset" 140
"C:/Users/fynnl/Desktop/Minor Skilled/Git/MiSkiPro/Prototype1/Content/StarterContent/Architecture/Wall_Window_400x400.uasset" 141
"C:/Users/fynnl/Desktop/Minor Skilled/Git/MiSkiPro/Prototype1/Content/StarterContent/Audio/Collapse01.uasset" 142
"C:/Users/fynnl/Desktop/Minor Skilled/Git/MiSkiPro/Prototype1/Content/StarterContent/Audio/Collapse02.uasset" 143
"C:/Users/fynnl/Desktop/Minor Skilled/Git/MiSkiPro/Prototype1/Content/StarterContent/Audio/Explosion02.uasset" 144
"C:/Users/fynnl/Desktop/Minor Skilled/Git/MiSkiPro/Prototype1/Content/StarterContent/Audio/Fire01.uasset" 145
"C:/Users/fynnl/Desktop/Minor Skilled/Git/MiSkiPro/Prototype1/Content/StarterContent/Audio/Fire_Sparks01.uasset" 146
"C:/Users/fynnl/Desktop/Minor Skilled/Git/MiSkiPro/Prototype1/Content/StarterContent/Audio/Light01.uasset" 147
"C:/Users/fynnl/Desktop/Minor Skilled/Git/MiSkiPro/Prototype1/Content/StarterContent/Audio/Light01_Cue.uasset" 148
"C:/Users/fynnl/Desktop/Minor Skilled/Git/MiSkiPro/Prototype1/Content/StarterContent/Audio/Light02.uasset" 149
"C:/Users/fynnl/Desktop/Minor Skilled/Git/MiSkiPro/Prototype1/Content/StarterContent/Audio/Light02_Cue.uasset" 150
"C:/Users/fynnl/Desktop/Minor Skilled/Git/MiSkiPro/Prototype1/Content/StarterContent/Audio/Smoke01.uasset" 151
"C:/Users/fynnl/Desktop/Minor Skilled/Git/MiSkiPro/Prototype1/Content/StarterContent/Audio/Starter_Birds01.uasset" 152
"C:/Users/fynnl/Desktop/Minor Skilled/Git/MiSkiPro/Prototype1/Content/StarterContent/Audio/Starter_Music01.uasset" 153
"C:/Users/fynnl/Desktop/Minor Skilled/Git/MiSkiPro/Prototype1/Content/StarterContent/Audio/Starter_Wind05.uasset" 154
"C:/Users/fynnl/Desktop/Minor Skilled/Git/MiSkiPro/Prototype1/Content/StarterContent/Audio/Starter_Wind06.uasset" 155
"C:/Users/fynnl/Desktop/Minor Skilled/Git/MiSkiPro/Prototype1/Content/StarterContent/Audio/Steam01.uasset" 156
"C:/Users/fynnl/Desktop/Minor Skilled/Git/MiSkiPro/Prototype1/Content/StarterContent/Audio/Explosion_Cue.uasset" 157
"C:/Users/fynnl/Desktop/Minor Skilled/Git/MiSkiPro/Prototype1/Content/StarterContent/Blueprints/Blueprint_Effect_Explosion.uasset" 158
"../../../Engine/Content/EditorMeshes/ColorCalibrator/T_ColorGrid.uasset" 159
"C:/Users/fynnl/Desktop/Minor Skilled/Git/MiSkiPro/Prototype1/Content/StarterContent/Materials/M_ColorGrid_LowSpec.uasset" 160
"C:/Users/fynnl/Desktop/Minor Skilled/Git/MiSkiPro/Prototype1/Content/StarterContent/Textures/T_Bush_D.uasset" 161
"C:/Users/fynnl/Desktop/Minor Skilled/Git/MiSkiPro/Prototype1/Content/StarterContent/Textures/T_Bush_N.uasset" 162
"C:/Users/fynnl/Desktop/Minor Skilled/Git/MiSkiPro/Prototype1/Content/StarterContent/Props/Materials/M_Bush.uasset" 163
"C:/Users/fynnl/Desktop/Minor Skilled/Git/MiSkiPro/Prototype1/Content/StarterContent/Props/SM_Bush.uasset" 164
"C:/Users/fynnl/Desktop/Minor Skilled/Git/MiSkiPro/Prototype1/Content/StarterContent/Textures/T_Chair_M.uasset" 165
"C:/Users/fynnl/Desktop/Minor Skilled/Git/MiSkiPro/Prototype1/Content/StarterContent/Textures/T_Chair_N.uasset" 166
"C:/Users/fynnl/Desktop/Minor Skilled/Git/MiSkiPro/Prototype1/Content/StarterContent/Props/Materials/M_Chair.uasset" 167
"C:/Users/fynnl/Desktop/Minor Skilled/Git/MiSkiPro/Prototype1/Content/StarterContent/Props/SM_Couch.uasset" 168
"C:/Users/fynnl/Desktop/Minor Skilled/Git/MiSkiPro/Prototype1/Content/StarterContent/Materials/M_Glass.uasset" 169
"C:/Users/fynnl/Desktop/Minor Skilled/Git/MiSkiPro/Prototype1/Content/StarterContent/Textures/T_Door_M.uasset" 170
"C:/Users/fynnl/Desktop/Minor Skilled/Git/MiSkiPro/Prototype1/Content/StarterContent/Textures/T_Door_N.uasset" 171
"C:/Users/fynnl/Desktop/Minor Skilled/Git/MiSkiPro/Prototype1/Content/StarterContent/Props/Materials/M_Door.uasset" 172
"C:/Users/fynnl/Desktop/Minor Skilled/Git/MiSkiPro/Prototype1/Content/StarterContent/Props/SM_Door.uasset" 173
"C:/Users/fynnl/Desktop/Minor Skilled/Git/MiSkiPro/Prototype1/Content/StarterContent/Props/Materials/M_MaterialSphere.uasset" 174
"C:/Users/fynnl/Desktop/Minor Skilled/Git/MiSkiPro/Prototype1/Content/StarterContent/Props/Materials/M_MaterialSphere_Plain.uasset" 175
"C:/Users/fynnl/Desktop/Minor Skilled/Git/MiSkiPro/Prototype1/Content/StarterContent/Props/SM_MatPreviewMesh_02.uasset" 176
"C:/Users/fynnl/Desktop/Minor Skilled/Git/MiSkiPro/Prototype1/Content/StarterContent/Textures/T_Detail_Rocky_N.uasset" 177
"C:/Users/fynnl/Desktop/Minor Skilled/Git/MiSkiPro/Prototype1/Content/StarterContent/Textures/T_Rock_Basalt_D.uasset" 178
"C:/Users/fynnl/Desktop/Minor Skilled/Git/MiSkiPro/Prototype1/Content/StarterContent/Textures/T_RockMesh_M.uasset" 179
"C:/Users/fynnl/Desktop/Minor Skilled/Git/MiSkiPro/Prototype1/Content/StarterContent/Textures/T_RockMesh_N.uasset" 180
"C:/Users/fynnl/Desktop/Minor Skilled/Git/MiSkiPro/Prototype1/Content/StarterContent/Props/Materials/M_Rock.uasset" 181
"C:/Users/fynnl/Desktop/Minor Skilled/Git/MiSkiPro/Prototype1/Content/StarterContent/Props/SM_Rock.uasset" 182
"C:/Users/fynnl/Desktop/Minor Skilled/Git/MiSkiPro/Prototype1/Content/StarterContent/Textures/T_Shelf_M.uasset" 183
"C:/Users/fynnl/Desktop/Minor Skilled/Git/MiSkiPro/Prototype1/Content/StarterContent/Textures/T_Shelf_N.uasset" 184
"C:/Users/fynnl/Desktop/Minor Skilled/Git/MiSkiPro/Prototype1/Content/StarterContent/Props/Materials/M_Shelf.uasset" 185
"C:/Users/fynnl/Desktop/Minor Skilled/Git/MiSkiPro/Prototype1/Content/StarterContent/Props/SM_Shelf.uasset" 186
"C:/Users/fynnl/Desktop/Minor Skilled/Git/MiSkiPro/Prototype1/Content/StarterContent/Materials/M_Basic_Floor.uasset" 187
"C:/Users/fynnl/Desktop/Minor Skilled/Git/MiSkiPro/Prototype1/Content/StarterContent/Props/SM_Stairs.uasset" 188
"C:/Users/fynnl/Desktop/Minor Skilled/Git/MiSkiPro/Prototype1/Content/StarterContent/Shapes/Shape_Cone.uasset" 189
"C:/Users/fynnl/Desktop/Minor Skilled/Git/MiSkiPro/Prototype1/Content/StarterContent/Shapes/Shape_Cylinder.uasset" 190
"C:/Users/fynnl/Desktop/Minor Skilled/Git/MiSkiPro/Prototype1/Content/StarterContent/Shapes/Shape_NarrowCapsule.uasset" 191
"C:/Users/fynnl/Desktop/Minor Skilled/Git/MiSkiPro/Prototype1/Content/StarterContent/Shapes/Shape_Pipe.uasset" 192
"C:/Users/fynnl/Desktop/Minor Skilled/Git/MiSkiPro/Prototype1/Content/StarterContent/Shapes/Shape_Pipe_180.uasset" 193
"C:/Users/fynnl/Desktop/Minor Skilled/Git/MiSkiPro/Prototype1/Content/StarterContent/Shapes/Shape_Pipe_90.uasset" 194
"C:/Users/fynnl/Desktop/Minor Skilled/Git/MiSkiPro/Prototype1/Content/StarterContent/Shapes/Shape_Plane.uasset" 195
"C:/Users/fynnl/Desktop/Minor Skilled/Git/MiSkiPro/Prototype1/Content/StarterContent/Shapes/Shape_Torus.uasset" 196
"C:/Users/fynnl/Desktop/Minor Skilled/Git/MiSkiPro/Prototype1/Content/StarterContent/Shapes/Shape_Trim.uasset" 197
"C:/Users/fynnl/Desktop/Minor Skilled/Git/MiSkiPro/Prototype1/Content/StarterContent/Shapes/Shape_Trim_90_In.uasset" 198
"C:/Users/fynnl/Desktop/Minor Skilled/Git/MiSkiPro/Prototype1/Content/StarterContent/Shapes/Shape_Trim_90_Out.uasset" 199
"C:/Users/fynnl/Desktop/Minor Skilled/Git/MiSkiPro/Prototype1/Content/StarterContent/Shapes/Shape_TriPyramid.uasset" 200
"C:/Users/fynnl/Desktop/Minor Skilled/Git/MiSkiPro/Prototype1/Content/StarterContent/Shapes/Shape_Tube.uasset" 201
"C:/Users/fynnl/Desktop/Minor Skilled/Git/MiSkiPro/Prototype1/Content/StarterContent/Shapes/Shape_Wedge_A.uasset" 202
"C:/Users/fynnl/Desktop/Minor Skilled/Git/MiSkiPro/Prototype1/Content/StarterContent/Shapes/Shape_Wedge_B.uasset" 203
"C:/Users/fynnl/Desktop/Minor Skilled/Git/MiSkiPro/Prototype1/Content/StarterContent/Shapes/Shape_WideCapsule.uasset" 204
"C:/Users/fynnl/Desktop/Minor Skilled/Git/MiSkiPro/Prototype1/Content/ThirdPersonBP/ThirdPersonOverview.uasset" 205
"C:/Users/fynnl/Desktop/Minor Skilled/Git/MiSkiPro/Prototype1/Content/ThirdPersonBP/Blueprints/ThirdPersonCharacter.uasset" 206
"C:/Users/fynnl/Desktop/Minor Skilled/Git/MiSkiPro/Prototype1/Content/ThirdPersonBP/Blueprints/ThirdPersonGameMode.uasset" 207
"../../../Engine/Content/Animation/DefaultAnimCurveCompressionSettings.uasset" 208
"../../../Engine/Content/ArtTools/RenderToTexture/Meshes/S_1_Unit_Plane.uasset" 209
"../../../Engine/Content/BasicShapes/Cone.uasset" 210
"../../../Engine/Content/BasicShapes/Plane.uasset" 211
"../../../Engine/Content/EditorLandscapeResources/DataLayer.uasset" 212
"../../../Engine/Content/EditorMaterials/MAT_Groups_Toggle.uasset" 213
"../../../Engine/Content/EditorMaterials/MAT_Groups_Visibility.uasset" 214
"../../../Engine/Content/EditorMaterials/PreviewShadowIndicator.uasset" 215
"../../../Engine/Content/EditorMaterials/PreviewShadowIndicatorMaterial.uasset" 216
"../../../Engine/Content/EditorMaterials/MatineeGroups/MAT_ColorTrack.uasset" 217
"../../../Engine/Content/EditorMaterials/MatineeGroups/MAT_Groups_Anim.uasset" 218
"../../../Engine/Content/EditorMaterials/MatineeGroups/MAT_Groups_AudioMaster.uasset" 219
"../../../Engine/Content/EditorMaterials/MatineeGroups/MAT_Groups_Director.uasset" 220
"../../../Engine/Content/EditorMaterials/MatineeGroups/MAT_Groups_Event.uasset" 221
"../../../Engine/Content/EditorMaterials/MatineeGroups/MAT_Groups_Fade.uasset" 222
"../../../Engine/Content/EditorMaterials/MatineeGroups/MAT_Groups_Float.uasset" 223
"../../../Engine/Content/EditorMaterials/MatineeGroups/MAT_Groups_Move.uasset" 224
"../../../Engine/Content/EditorMaterials/MatineeGroups/MAT_Groups_Slomo.uasset" 225
"../../../Engine/Content/EditorMaterials/MatineeGroups/MAT_Groups_Sound.uasset" 226
"../../../Engine/Content/EditorMaterials/MatineeGroups/MAT_Groups_Vector.uasset" 227
"../../../Engine/Content/EditorMaterials/ParticleSystems/PSysThumbnail_NoImage.uasset" 228
"../../../Engine/Content/EditorMaterials/ParticleSystems/PSysThumbnail_OOD.uasset" 229
"../../../Engine/Content/EditorMaterials/Camera/CineMat.uasset" 230
"../../../Engine/Content/EditorMaterials/Camera/MI_CineMat_Rig.uasset" 231
"../../../Engine/Content/EditorMeshes/Camera/SM_CraneRig_Arm.uasset" 232
"../../../Engine/Content/EditorMeshes/Camera/SM_CraneRig_Base.uasset" 233
"../../../Engine/Content/EditorMeshes/Camera/SM_CraneRig_Body.uasset" 234
"../../../Engine/Content/EditorMeshes/Camera/SM_CraneRig_Mount.uasset" 235
"../../../Engine/Content/EditorMeshes/Camera/SM_RailRig_Mount.uasset" 236
"../../../Engine/Content/EditorMeshes/Camera/SM_RailRig_Track.uasset" 237
"../../../Engine/Content/EditorResources/BSPVertex.uasset" 238
"../../../Engine/Content/EditorResources/EmptyActor.uasset" 239
"../../../Engine/Content/EditorResources/S_Actor.uasset" 240
"../../../Engine/Content/EditorResources/S_Note.uasset" 241
"../../../Engine/Content/EditorResources/S_Solver.uasset" 242
"../../../Engine/Content/EditorResources/S_Trigger.uasset" 243
"../../../Engine/Content/EditorResources/AudioIcons/S_AudioComponent.uasset" 244
"../../../Engine/Content/EditorResources/AudioIcons/S_AudioComponent_AutoActivate.uasset" 245
"../../../Engine/Content/EditorResources/LightIcons/S_LightError.uasset" 246
"../../../Engine/Content/EditorResources/SequenceRecorder/Countdown.uasset" 247
"../../../Engine/Content/EditorResources/SequenceRecorder/RecordingIndicator.uasset" 248
"../../../Engine/Content/EditorSounds/Notifications/CompileFailed.uasset" 249
"../../../Engine/Content/EditorSounds/Notifications/CompileFailed_Cue.uasset" 250
"../../../Engine/Content/EditorSounds/Notifications/CompileSuccess.uasset" 251
"../../../Engine/Content/EditorSounds/Notifications/CompileStart_Cue.uasset" 252
"../../../Engine/Content/EditorSounds/Notifications/CompileSuccess_Cue.uasset" 253
"../../../Engine/Content/EngineDamageTypes/DmgTypeBP_Environmental.uasset" 254
"../../../Engine/Content/EngineDebugMaterials/DebugEditorMaterial.uasset" 255
"../../../Engine/Content/EngineDebugMaterials/DebugMeshMaterial.uasset" 256
"../../../Engine/Content/EngineDebugMaterials/M_SimpleUnlitTranslucent.uasset" 257
"../../../Engine/Content/Functions/Engine_MaterialFunctions02/Utility/CameraDirectionVector.uasset" 258
"../../../Engine/Content/EngineDebugMaterials/VolumeToRender.uasset" 259
"../../../Engine/Content/EngineDebugMaterials/M_VolumeRenderSphereTracePP.uasset" 260
"../../../Engine/Content/EngineDebugMaterials/WireframeMaterial.uasset" 261
"../../../Engine/Content/EngineFonts/Faces/DroidSansFallback.uasset" 262
"../../../Engine/Content/EngineFonts/Faces/RobotoBold.uasset" 263
"../../../Engine/Content/EngineFonts/Faces/RobotoBoldItalic.uasset" 264
"../../../Engine/Content/EngineFonts/Faces/RobotoItalic.uasset" 265
"../../../Engine/Content/EngineFonts/Faces/RobotoLight.uasset" 266
"../../../Engine/Content/EngineFonts/Faces/RobotoRegular.uasset" 267
"../../../Engine/Content/EngineFonts/Roboto.uasset" 268
"../../../Engine/Content/EngineMaterials/BaseFlattenDiffuseMap.uasset" 269
"../../../Engine/Content/EngineMaterials/BaseFlattenEmissiveMap.uasset" 270
"../../../Engine/Content/EngineMaterials/BaseFlattenGrayscaleMap.uasset" 271
"../../../Engine/Content/EngineMaterials/BaseFlattenNormalMap.uasset" 272
"../../../Engine/Content/EngineMaterials/BaseFlattenMaterial.uasset" 273
"../../../Engine/Content/EngineMaterials/BlueNoise.uasset" 274
"../../../Engine/Content/EngineMaterials/DefaultBloomKernel.uasset" 275
"../../../Engine/Content/EngineMaterials/DefaultBokeh.uasset" 276
"../../../Engine/Content/EngineMaterials/DefaultDeferredDecalMaterial.uasset" 277
"../../../Engine/Content/EngineMaterials/DefaultLightFunctionMaterial.uasset" 278
"../../../Engine/Content/EngineMaterials/DefaultPhysicalMaterial.uasset" 279
"../../../Engine/Content/Functions/Engine_MaterialFunctions02/Utility/BreakOutFloat2Components.uasset" 280
"../../../Engine/Content/EngineMaterials/DefaultPostProcessMaterial.uasset" 281
"../../../Engine/Content/EngineMaterials/DefaultTextMaterialOpaque.uasset" 282
"../../../Engine/Content/EngineMaterials/DefaultWhiteGrid.uasset" 283
"../../../Engine/Content/EngineMaterials/DefaultWhiteGrid_Low.uasset" 284
"../../../Engine/Content/EngineMaterials/EmissiveMeshMaterial.uasset" 285
"../../../Engine/Content/EngineMaterials/GizmoMaterial.uasset" 286
"../../../Engine/Content/EngineMaterials/Good64x64TilingNoiseHighFreq.uasset" 287
"../../../Engine/Content/EngineMaterials/MiniFont.uasset" 288
"../../../Engine/Content/EngineMaterials/InvalidLightmapSettings.uasset" 289
"../../../Engine/Content/EngineMaterials/M_InvalidLightmapSettings.uasset" 290
"../../../Engine/Content/Functions/Engine_MaterialFunctions02/WorldPositionOffset/CameraOffset.uasset" 291
"../../../Engine/Content/EngineMaterials/PhAT_JointLimitMaterial.uasset" 292
"../../../Engine/Content/EngineMaterials/PreintegratedSkinBRDF.uasset" 293
"../../../Engine/Content/EngineMaterials/RemoveSurfaceMaterial.uasset" 294
"../../../Engine/Content/EngineMaterials/WeightMapPlaceholderTexture.uasset" 295
"../../../Engine/Content/EngineResources/WhiteSquareTexture.uasset" 296
"../../../Engine/Content/EngineMaterials/Widget3DPassThrough.uasset" 297
"../../../Engine/Content/EngineMaterials/Widget3DPassThrough_Masked.uasset" 298
"../../../Engine/Content/EngineMaterials/Widget3DPassThrough_Opaque.uasset" 299
"../../../Engine/Content/EngineMaterials/Widget3DPassThrough_Masked_OneSided.uasset" 300
"../../../Engine/Content/EngineMaterials/Widget3DPassThrough_Opaque_OneSided.uasset" 301
"../../../Engine/Content/EngineMaterials/Widget3DPassThrough_Translucent.uasset" 302
"../../../Engine/Content/EngineMaterials/Widget3DPassThrough_Translucent_OneSided.uasset" 303
"../../../Engine/Content/EngineMeshes/Cube.uasset" 304
"../../../Engine/Content/EngineMeshes/Sphere.uasset" 305
"../../../Engine/Content/EngineResources/Black.uasset" 306
"../../../Engine/Content/EngineResources/DefaultTextureCube.uasset" 307
"../../../Engine/Content/EngineResources/DefaultVolumeTexture2D.uasset" 308
"../../../Engine/Content/EngineResources/DefaultVolumeTexture.uasset" 309
"../../../Engine/Content/EngineResources/GradientTexture0.uasset" 310
"../../../Engine/Content/EngineSounds/Master.uasset" 311
"../../../Engine/Content/Functions/Engine_MaterialFunctions01/Shading/ConvertFromDiffSpec.uasset" 312
"../../../Engine/Content/Functions/Engine_MaterialFunctions01/Shading/PowerToRoughness.uasset" 313
"../../../Engine/Content/Maps/Templates/Thumbnails/Default.uasset" 314
"../../../Engine/Content/Maps/Templates/Thumbnails/TimeOfDay.uasset" 315
"../../../Engine/Content/Maps/Templates/Thumbnails/VR-Basic.uasset" 316
"../../../Engine/Content/MobileResources/T_MobileControls_texture.uasset" 317
"../../../Engine/Content/MobileResources/T_MobileMenu2.uasset" 318
"../../../Engine/Content/MobileResources/HUD/AnalogHat.uasset" 319
"../../../Engine/Content/MobileResources/HUD/VirtualJoystick_Background.uasset" 320
"../../../Engine/Content/MobileResources/HUD/VirtualJoystick_Thumb.uasset" 321
"../../../Engine/Content/MobileResources/HUD/DefaultVirtualJoysticks.uasset" 322
"../../../Engine/Content/MobileResources/HUD/LeftVirtualJoystickOnly.uasset" 323
"../../../Engine/Content/MobileResources/HUD/MobileHUDButton1_off.uasset" 324
"../../../Engine/Content/MobileResources/HUD/MobileHUDButton1_on.uasset" 325
"../../../Engine/Content/MobileResources/HUD/MobileHUDButton2_off.uasset" 326
"../../../Engine/Content/MobileResources/HUD/MobileHUDButton2_on.uasset" 327
"../../../Engine/Content/MobileResources/HUD/MobileHUDButton3.uasset" 328
"../../../Engine/Content/MobileResources/HUD/MobileHUDButtonFire.uasset" 329
"../../../Engine/Content/MobileResources/HUD/MobileHUDDirectionPad.uasset" 330
"../../../Engine/Content/MobileResources/HUD/MobileHUDDirectionPad2.uasset" 331
"../../../Engine/Content/MobileResources/HUD/MobileHUDDirectionPad3.uasset" 332
"../../../Engine/Content/MobileResources/HUD/MobileHUDDirectionStick.uasset" 333
"../../../Engine/Content/MobileResources/HUD/T_Castle_ThumbstickInner.uasset" 334
"../../../Engine/Content/MobileResources/HUD/T_Castle_ThumbstickOutter.uasset" 335
"../../../Engine/Content/Tutorial/ContentIntroCurve.uasset" 336
"../../../Engine/Content/Tutorial/Basics/LevelEditorAttract.uasset" 337
"../../../Engine/Content/Tutorial/Basics/TutorialAssets/icon_tab_Levels_40x.uasset" 338
"../../../Engine/Content/Tutorial/Basics/LevelEditorOverview.uasset" 339
"../../../Engine/Content/Tutorial/BlueprintTutorials/TutorialAssets/Blueprint_64x.uasset" 340
"../../../Engine/Content/Tutorial/BlueprintTutorials/BlueprintEditorTutorial.uasset" 341
"../../../Engine/Content/Tutorial/InWorldBlueprintEditing/IWBE_Tutorial.uasset" 342
"../../../Engine/Content/Tutorial/InWorldBlueprintEditing/IWBE_Tutorial_Part2.uasset" 343
"../../../Engine/Content/Tutorial/InWorldBlueprintEditing/IWBE_Tutorial_Part3.uasset" 344
"../../../Engine/Content/Tutorial/SubEditors/StaticMeshEditorTutorial.uasset" 345
"../../../Engine/Content/VREditor/LaserPointer/VR_LaserPower_01.uasset" 346
"../../../Engine/Content/VREditor/TransformGizmo/TransformGizmoMaterial.uasset" 347
"../../../Engine/Content/VREditor/TransformGizmo/TranslucentTransformGizmoMaterial.uasset" 348
"../../../Engine/Content/VREditor/TransformGizmo/BoundingBoxCorner.uasset" 349
"../../../Engine/Content/VREditor/TransformGizmo/BoundingBoxEdge.uasset" 350
"../../../Engine/Content/VREditor/TransformGizmo/PlaneTranslationHandle.uasset" 351
"../../../Engine/Content/VREditor/TransformGizmo/Main.uasset" 352
"../../../Engine/Content/VREditor/TransformGizmo/Xray.uasset" 353
"../../../Engine/Content/VREditor/TransformGizmo/SM_Sequencer_Key.uasset" 354
"../../../Engine/Content/VREditor/TransformGizmo/SM_Sequencer_Node.uasset" 355
"../../Plugins/2D/Paper2D/Content/PlaceholderTextures/DummySpriteTexture.uasset" 356
"../../Plugins/2D/Paper2D/Content/DummySprite.uasset" 357
"../../Plugins/2D/Paper2D/Content/DefaultPaperTerrainMaterial.uasset" 358
"../../Plugins/2D/Paper2D/Content/DefaultSpriteMaterial.uasset" 359
"../../Plugins/2D/Paper2D/Content/MaskedUnlitSpriteMaterial.uasset" 360
"../../Plugins/2D/Paper2D/Content/OpaqueUnlitSpriteMaterial.uasset" 361
"../../Plugins/FX/Niagara/Content/Enums/ENiagaraBooleanLogicOps.uasset" 362
"../../Plugins/FX/Niagara/Content/Enums/ENiagaraCoordinateSpace.uasset" 363
"../../Plugins/FX/Niagara/Content/Enums/ENiagaraExpansionMode.uasset" 364
"../../Plugins/FX/Niagara/Content/Enums/ENiagaraOrientationAxis.uasset" 365
"../../Plugins/FX/Niagara/Content/Enums/ENiagaraRandomnessMode.uasset" 366
"../../../Engine/Content/Functions/Engine_MaterialFunctions02/Utility/BreakOutFloat4Components.uasset" 367
"../../Plugins/Runtime/Oculus/OculusVR/Content/Materials/OculusMR_ChromaKey.uasset" 368
"../../Plugins/Runtime/Oculus/OculusVR/Content/Materials/OculusMR_ChromaKey_Lit.uasset" 369
"../../Plugins/Runtime/Oculus/OculusVR/Content/Materials/OculusMR_OpaqueColoredMaterial.uasset" 370
"../../Plugins/Runtime/Oculus/OculusVR/Content/Materials/OculusMR_WhiteMaterial.uasset" 371
"../../../Engine/Content/EngineSky/C_Sky_Cloud_Color.uasset" 372
"../../../Engine/Content/EngineSky/C_Sky_Horizon_Color.uasset" 373
"../../../Engine/Content/EngineSky/C_Sky_Zenith_Color.uasset" 374
"../../../Engine/Content/EngineSky/T_Sky_Blue.uasset" 375
"../../../Engine/Content/EngineSky/T_Sky_Clouds_M.uasset" 376
"../../../Engine/Content/EngineSky/T_Sky_Stars.uasset" 377
"../../../Engine/Content/EngineSky/M_Sky_Panning_Clouds2.uasset" 378
"../../../Engine/Content/EngineSky/SM_SkySphere.uasset" 379
"../../../Engine/Content/EngineSky/BP_Sky_Sphere.uasset" 380
"C:/Users/fynnl/Desktop/Minor Skilled/Git/MiSkiPro/Prototype1/Content/Maps/Protolevel1_BuiltData.uasset" 381
"../../../Engine/Content/MapTemplates/SM_Template_Map_Floor.uasset" 382
"C:/Users/fynnl/Desktop/Minor Skilled/Git/MiSkiPro/Prototype1/Content/Maps/Protolevel1.umap" 383
"C:/Users/fynnl/Desktop/Minor Skilled/Git/MiSkiPro/Prototype1/Content/Maps/Shader_testing_BuiltData.uasset" 384
"C:/Users/fynnl/Desktop/Minor Skilled/Git/MiSkiPro/Prototype1/Content/Shaders/Textures/basenoise.uasset" 385
"C:/Users/fynnl/Desktop/Minor Skilled/Git/MiSkiPro/Prototype1/Content/Shaders/Textures/distort1.uasset" 386
"C:/Users/fynnl/Desktop/Minor Skilled/Git/MiSkiPro/Prototype1/Content/Shaders/Textures/distortion.uasset" 387
"C:/Users/fynnl/Desktop/Minor Skilled/Git/MiSkiPro/Prototype1/Content/Shaders/Shaders/Whisp_Sight.uasset" 388
"../../../Engine/Content/BasicShapes/Cube.uasset" 389
"C:/Users/fynnl/Desktop/Minor Skilled/Git/MiSkiPro/Prototype1/Content/Shaders/Meshes/lambert1.uasset" 390
"C:/Users/fynnl/Desktop/Minor Skilled/Git/MiSkiPro/Prototype1/Content/Shaders/Meshes/water_tile.uasset" 391
"C:/Users/fynnl/Desktop/Minor Skilled/Git/MiSkiPro/Prototype1/Content/Maps/Shader_testing.umap" 392
"C:/Users/fynnl/Desktop/Minor Skilled/Git/MiSkiPro/Prototype1/Content/InnerDoorMat.uasset" 393
"C:/Users/fynnl/Desktop/Minor Skilled/Git/MiSkiPro/Prototype1/Content/Door.uasset" 394
"C:/Users/fynnl/Desktop/Minor Skilled/Git/MiSkiPro/Prototype1/Content/UI_Related/DangerPopup.uasset" 395
"C:/Users/fynnl/Desktop/Minor Skilled/Git/MiSkiPro/Prototype1/Content/UI_Related/DangerPopup_2.uasset" 396
"C:/Users/fynnl/Desktop/Minor Skilled/Git/MiSkiPro/Prototype1/Content/UI_Related/Dont.uasset" 397
"C:/Users/fynnl/Desktop/Minor Skilled/Git/MiSkiPro/Prototype1/Content/UI_Related/LevelEnding.uasset" 398
"C:/Users/fynnl/Desktop/Minor Skilled/Git/MiSkiPro/Prototype1/Content/UI_Related/ShrinePopup.uasset" 399
"C:/Users/fynnl/Desktop/Minor Skilled/Git/MiSkiPro/Prototype1/Content/Level_Blockout_1_BuiltData.uasset" 400
"../../../Engine/Content/Functions/Engine_MaterialFunctions01/WorldPositionOffset/SimpleGrassWind.uasset" 401
"../../../Engine/Content/Functions/Engine_MaterialFunctions02/ExampleContent/Textures/water_d.uasset" 402
"../../../Engine/Content/Functions/Engine_MaterialFunctions02/ExampleContent/Textures/water_n.uasset" 403
"C:/Users/fynnl/Desktop/Minor Skilled/Git/MiSkiPro/Prototype1/Content/Shaders/Shaders/Test_Interactive_water.uasset" 404
"C:/Users/fynnl/Desktop/Minor Skilled/Git/MiSkiPro/Prototype1/Content/StarterContent/Textures/T_Concrete_Panels_D.uasset" 405
"C:/Users/fynnl/Desktop/Minor Skilled/Git/MiSkiPro/Prototype1/Content/StarterContent/Textures/T_Concrete_Panels_N.uasset" 406
"C:/Users/fynnl/Desktop/Minor Skilled/Git/MiSkiPro/Prototype1/Content/StarterContent/Textures/T_Perlin_Noise_M.uasset" 407
"C:/Users/fynnl/Desktop/Minor Skilled/Git/MiSkiPro/Prototype1/Content/StarterContent/Materials/M_Concrete_Panels.uasset" 408
"C:/Users/fynnl/Desktop/Minor Skilled/Git/MiSkiPro/Prototype1/Content/StarterContent/Textures/T_Ground_Grass_D.uasset" 409
"C:/Users/fynnl/Desktop/Minor Skilled/Git/MiSkiPro/Prototype1/Content/StarterContent/Textures/T_Ground_Grass_N.uasset" 410
"C:/Users/fynnl/Desktop/Minor Skilled/Git/MiSkiPro/Prototype1/Content/StarterContent/Materials/M_Ground_Grass.uasset" 411
"C:/Users/fynnl/Desktop/Minor Skilled/Git/MiSkiPro/Prototype1/Content/StarterContent/Textures/T_ground_Moss_D.uasset" 412
"C:/Users/fynnl/Desktop/Minor Skilled/Git/MiSkiPro/Prototype1/Content/StarterContent/Textures/T_Ground_Moss_N.uasset" 413
"C:/Users/fynnl/Desktop/Minor Skilled/Git/MiSkiPro/Prototype1/Content/StarterContent/Materials/M_Ground_Moss.uasset" 414
"C:/Users/fynnl/Desktop/Minor Skilled/Git/MiSkiPro/Prototype1/Content/StarterContent/Textures/T_Metal_Rust_D.uasset" 415
"C:/Users/fynnl/Desktop/Minor Skilled/Git/MiSkiPro/Prototype1/Content/StarterContent/Textures/T_Metal_Rust_N.uasset" 416
"C:/Users/fynnl/Desktop/Minor Skilled/Git/MiSkiPro/Prototype1/Content/StarterContent/Materials/M_Metal_Rust.uasset" 417
"C:/Users/fynnl/Desktop/Minor Skilled/Git/MiSkiPro/Prototype1/Content/StarterContent/Textures/T_Rock_Basalt_N.uasset" 418
"C:/Users/fynnl/Desktop/Minor Skilled/Git/MiSkiPro/Prototype1/Content/StarterContent/Materials/M_Rock_Basalt.uasset" 419
"C:/Users/fynnl/Desktop/Minor Skilled/Git/MiSkiPro/Prototype1/Content/StarterContent/Textures/T_Rock_Sandstone_D.uasset" 420
"C:/Users/fynnl/Desktop/Minor Skilled/Git/MiSkiPro/Prototype1/Content/StarterContent/Textures/T_Rock_Sandstone_N.uasset" 421
"C:/Users/fynnl/Desktop/Minor Skilled/Git/MiSkiPro/Prototype1/Content/StarterContent/Materials/M_Rock_Sandstone.uasset" 422
"C:/Users/fynnl/Desktop/Minor Skilled/Git/MiSkiPro/Prototype1/Content/Shaders/Shaders/Whisp_Sight_Instance.uasset" 423
"C:/Users/fynnl/Desktop/Minor Skilled/Git/MiSkiPro/Prototype1/Content/Level_Blockout_1.umap" 424
"C:/Users/fynnl/Desktop/Minor Skilled/Git/MiSkiPro/Prototype1/Content/ThirdPersonExampleMap_BuiltData.uasset" 425
"C:/Users/fynnl/Desktop/Minor Skilled/Git/MiSkiPro/Prototype1/Content/Geometry/Meshes/1M_Cube_Chamfer.uasset" 426
"C:/Users/fynnl/Desktop/Minor Skilled/Git/MiSkiPro/Prototype1/Content/Geometry/Meshes/TemplateFloor.uasset" 427
"C:/Users/fynnl/Desktop/Minor Skilled/Git/MiSkiPro/Prototype1/Content/ThirdPerson/Meshes/RampMaterial.uasset" 428
"C:/Users/fynnl/Desktop/Minor Skilled/Git/MiSkiPro/Prototype1/Content/ThirdPerson/Meshes/Bump_StaticMesh.uasset" 429
"C:/Users/fynnl/Desktop/Minor Skilled/Git/MiSkiPro/Prototype1/Content/ThirdPerson/Meshes/LeftArm_StaticMesh.uasset" 430
"C:/Users/fynnl/Desktop/Minor Skilled/Git/MiSkiPro/Prototype1/Content/ThirdPerson/Meshes/Linear_Stair_StaticMesh.uasset" 431
"C:/Users/fynnl/Desktop/Minor Skilled/Git/MiSkiPro/Prototype1/Content/ThirdPerson/Meshes/Ramp_StaticMesh.uasset" 432
"C:/Users/fynnl/Desktop/Minor Skilled/Git/MiSkiPro/Prototype1/Content/ThirdPerson/Meshes/RightArm_StaticMesh.uasset" 433
"C:/Users/fynnl/Desktop/Minor Skilled/Git/MiSkiPro/Prototype1/Content/ThirdPersonExampleMap.umap" 434
"C:/Users/fynnl/Desktop/Minor Skilled/Git/MiSkiPro/Prototype1/Content/StarterContent/Blueprints/Assets/FogBrightnessLUT.uasset" 435
"C:/Users/fynnl/Desktop/Minor Skilled/Git/MiSkiPro/Prototype1/Content/StarterContent/Blueprints/Assets/SunlightColorLUT.uasset" 436
"C:/Users/fynnl/Desktop/Minor Skilled/Git/MiSkiPro/Prototype1/Content/StarterContent/Blueprints/Assets/M_LightStage_Arrows.uasset" 437
"../../../Engine/Content/MapTemplates/Sky/DaylightAmbientCubemap.uasset" 438
"C:/Users/fynnl/Desktop/Minor Skilled/Git/MiSkiPro/Prototype1/Content/StarterContent/Blueprints/Assets/M_LightStage_Skybox_Master.uasset" 439
"C:/Users/fynnl/Desktop/Minor Skilled/Git/MiSkiPro/Prototype1/Content/StarterContent/Blueprints/Assets/M_LightStage_Skybox_Black.uasset" 440
"C:/Users/fynnl/Desktop/Minor Skilled/Git/MiSkiPro/Prototype1/Content/StarterContent/Blueprints/Assets/M_LightStage_Skybox_HDRI.uasset" 441
"../../../Engine/Content/EditorMaterials/Thumbnails/SkySphereMaterial.uasset" 442
"C:/Users/fynnl/Desktop/Minor Skilled/Git/MiSkiPro/Prototype1/Content/StarterContent/Blueprints/Assets/Skybox.uasset" 443
"C:/Users/fynnl/Desktop/Minor Skilled/Git/MiSkiPro/Prototype1/Content/StarterContent/Blueprints/Assets/SM_Arrows.uasset" 444
"C:/Users/fynnl/Desktop/Minor Skilled/Git/MiSkiPro/Prototype1/Content/StarterContent/HDRI/HDRI_Epic_Courtyard_Daylight.uasset" 445
"C:/Users/fynnl/Desktop/Minor Skilled/Git/MiSkiPro/Prototype1/Content/StarterContent/Blueprints/BP_LightStudio.uasset" 446
"C:/Users/fynnl/Desktop/Minor Skilled/Git/MiSkiPro/Prototype1/Content/StarterContent/Maps/Advanced_Lighting_BuiltData.uasset" 447
"C:/Users/fynnl/Desktop/Minor Skilled/Git/MiSkiPro/Prototype1/Content/StarterContent/Materials/M_AssetPlatform.uasset" 448
"../../../Engine/Content/EditorMeshes/ColorCalibrator/M_ChromeBall.uasset" 449
"../../../Engine/Content/EditorMeshes/ColorCalibrator/M_ClearCoat.uasset" 450
"../../../Engine/Content/EditorMeshes/ColorCalibrator/M_ClearCoatBlack.uasset" 451
"../../../Engine/Content/EditorMeshes/ColorCalibrator/Color_checker.uasset" 452
"../../../Engine/Content/EditorMeshes/ColorCalibrator/M_ColorGrid.uasset" 453
"../../../Engine/Content/EditorMeshes/ColorCalibrator/M_GreyBall.uasset" 454
"../../../Engine/Content/EditorMeshes/ColorCalibrator/SM_ColorCalibrator.uasset" 455
"C:/Users/fynnl/Desktop/Minor Skilled/Git/MiSkiPro/Prototype1/Content/StarterContent/Architecture/SM_AssetPlatform.uasset" 456
"C:/Users/fynnl/Desktop/Minor Skilled/Git/MiSkiPro/Prototype1/Content/StarterContent/Maps/Advanced_Lighting.umap" 457
"C:/Users/fynnl/Desktop/Minor Skilled/Git/MiSkiPro/Prototype1/Content/StarterContent/Maps/Minimal_Default_BuiltData.uasset" 458
"C:/Users/fynnl/Desktop/Minor Skilled/Git/MiSkiPro/Prototype1/Content/StarterContent/Materials/M_Metal_Brushed_Nickel.uasset" 459
"C:/Users/fynnl/Desktop/Minor Skilled/Git/MiSkiPro/Prototype1/Content/StarterContent/Textures/T_Metal_Aluminum_D.uasset" 460
"C:/Users/fynnl/Desktop/Minor Skilled/Git/MiSkiPro/Prototype1/Content/StarterContent/Textures/T_Metal_Gold_N.uasset" 461
"C:/Users/fynnl/Desktop/Minor Skilled/Git/MiSkiPro/Prototype1/Content/StarterContent/Materials/M_Metal_Burnished_Steel.uasset" 462
"C:/Users/fynnl/Desktop/Minor Skilled/Git/MiSkiPro/Prototype1/Content/StarterContent/Textures/T_Metal_Copper_D.uasset" 463
"C:/Users/fynnl/Desktop/Minor Skilled/Git/MiSkiPro/Prototype1/Content/StarterContent/Materials/M_Metal_Copper.uasset" 464
"C:/Users/fynnl/Desktop/Minor Skilled/Git/MiSkiPro/Prototype1/Content/StarterContent/Architecture/Floor_400x400.uasset" 465
"C:/Users/fynnl/Desktop/Minor Skilled/Git/MiSkiPro/Prototype1/Content/StarterContent/Audio/Starter_Background_Cue.uasset" 466
"C:/Users/fynnl/Desktop/Minor Skilled/Git/MiSkiPro/Prototype1/Content/StarterContent/Props/SM_Chair.uasset" 467
"C:/Users/fynnl/Desktop/Minor Skilled/Git/MiSkiPro/Prototype1/Content/StarterContent/Textures/T_TableRound_M.uasset" 468
"C:/Users/fynnl/Desktop/Minor Skilled/Git/MiSkiPro/Prototype1/Content/StarterContent/Textures/T_TableRound_N.uasset" 469
"C:/Users/fynnl/Desktop/Minor Skilled/Git/MiSkiPro/Prototype1/Content/StarterContent/Props/Materials/M_TableRound.uasset" 470
"C:/Users/fynnl/Desktop/Minor Skilled/Git/MiSkiPro/Prototype1/Content/StarterContent/Props/SM_TableRound.uasset" 471
"C:/Users/fynnl/Desktop/Minor Skilled/Git/MiSkiPro/Prototype1/Content/StarterContent/Maps/Minimal_Default.umap" 472
"C:/Users/fynnl/Desktop/Minor Skilled/Git/MiSkiPro/Prototype1/Content/StarterContent/Audio/Fire01_Cue.uasset" 473
"C:/Users/fynnl/Desktop/Minor Skilled/Git/MiSkiPro/Prototype1/Content/StarterContent/Textures/T_Fire_SubUV.uasset" 474
"C:/Users/fynnl/Desktop/Minor Skilled/Git/MiSkiPro/Prototype1/Content/StarterContent/Textures/T_Fire_Tiled_D.uasset" 475
"C:/Users/fynnl/Desktop/Minor Skilled/Git/MiSkiPro/Prototype1/Content/StarterContent/Particles/Materials/M_Fire_SubUV.uasset" 476
"C:/Users/fynnl/Desktop/Minor Skilled/Git/MiSkiPro/Prototype1/Content/StarterContent/Textures/T_Water_N.uasset" 477
"C:/Users/fynnl/Desktop/Minor Skilled/Git/MiSkiPro/Prototype1/Content/StarterContent/Particles/Materials/M_Heat_Distortion.uasset" 478
"C:/Users/fynnl/Desktop/Minor Skilled/Git/MiSkiPro/Prototype1/Content/StarterContent/Particles/Materials/M_Radial_Gradient.uasset" 479
"C:/Users/fynnl/Desktop/Minor Skilled/Git/MiSkiPro/Prototype1/Content/StarterContent/Particles/P_Fire.uasset" 480
"C:/Users/fynnl/Desktop/Minor Skilled/Git/MiSkiPro/Prototype1/Content/StarterContent/Blueprints/Blueprint_Effect_Fire.uasset" 481
"C:/Users/fynnl/Desktop/Minor Skilled/Git/MiSkiPro/Prototype1/Content/StarterContent/Audio/Smoke01_Cue.uasset" 482
"C:/Users/fynnl/Desktop/Minor Skilled/Git/MiSkiPro/Prototype1/Content/StarterContent/Particles/P_Smoke.uasset" 483
"C:/Users/fynnl/Desktop/Minor Skilled/Git/MiSkiPro/Prototype1/Content/StarterContent/Blueprints/Blueprint_Effect_Smoke.uasset" 484
"C:/Users/fynnl/Desktop/Minor Skilled/Git/MiSkiPro/Prototype1/Content/StarterContent/Audio/Fire_Sparks01_Cue.uasset" 485
"C:/Users/fynnl/Desktop/Minor Skilled/Git/MiSkiPro/Prototype1/Content/StarterContent/Textures/T_Spark_Core.uasset" 486
"C:/Users/fynnl/Desktop/Minor Skilled/Git/MiSkiPro/Prototype1/Content/StarterContent/Particles/Materials/M_Spark.uasset" 487
"C:/Users/fynnl/Desktop/Minor Skilled/Git/MiSkiPro/Prototype1/Content/StarterContent/Particles/P_Sparks.uasset" 488
"C:/Users/fynnl/Desktop/Minor Skilled/Git/MiSkiPro/Prototype1/Content/StarterContent/Blueprints/Blueprint_Effect_Sparks.uasset" 489
"C:/Users/fynnl/Desktop/Minor Skilled/Git/MiSkiPro/Prototype1/Content/StarterContent/Audio/Steam01_Cue.uasset" 490
"C:/Users/fynnl/Desktop/Minor Skilled/Git/MiSkiPro/Prototype1/Content/StarterContent/Blueprints/Blueprint_Effect_Steam.uasset" 491
"C:/Users/fynnl/Desktop/Minor Skilled/Git/MiSkiPro/Prototype1/Content/StarterContent/Textures/T_Lamp_M.uasset" 492
"C:/Users/fynnl/Desktop/Minor Skilled/Git/MiSkiPro/Prototype1/Content/StarterContent/Textures/T_Lamp_N.uasset" 493
"C:/Users/fynnl/Desktop/Minor Skilled/Git/MiSkiPro/Prototype1/Content/StarterContent/Props/Materials/M_Lamp.uasset" 494
"C:/Users/fynnl/Desktop/Minor Skilled/Git/MiSkiPro/Prototype1/Content/StarterContent/Props/SM_Lamp_Ceiling.uasset" 495
"C:/Users/fynnl/Desktop/Minor Skilled/Git/MiSkiPro/Prototype1/Content/StarterContent/Blueprints/Blueprint_CeilingLight.uasset" 496
"C:/Users/fynnl/Desktop/Minor Skilled/Git/MiSkiPro/Prototype1/Content/StarterContent/Props/SM_Lamp_Wall.uasset" 497
"C:/Users/fynnl/Desktop/Minor Skilled/Git/MiSkiPro/Prototype1/Content/StarterContent/Blueprints/Blueprint_WallSconce.uasset" 498
"C:/Users/fynnl/Desktop/Minor Skilled/Git/MiSkiPro/Prototype1/Content/StarterContent/Maps/StarterMap_BuiltData.uasset" 499
"../../../Engine/Content/Functions/Engine_MaterialFunctions03/Procedurals/ComputeFilterWidth.uasset" 500
"../../../Engine/Content/EngineMaterials/AntiAliasedTextMaterialTranslucent.uasset" 501
"C:/Users/fynnl/Desktop/Minor Skilled/Git/MiSkiPro/Prototype1/Content/StarterContent/Textures/T_Brick_Clay_Beveled_D.uasset" 502
"C:/Users/fynnl/Desktop/Minor Skilled/Git/MiSkiPro/Prototype1/Content/StarterContent/Textures/T_Brick_Clay_Beveled_M.uasset" 503
"C:/Users/fynnl/Desktop/Minor Skilled/Git/MiSkiPro/Prototype1/Content/StarterContent/Textures/T_Brick_Clay_Beveled_N.uasset" 504
"C:/Users/fynnl/Desktop/Minor Skilled/Git/MiSkiPro/Prototype1/Content/StarterContent/Materials/M_Brick_Clay_Beveled.uasset" 505
"C:/Users/fynnl/Desktop/Minor Skilled/Git/MiSkiPro/Prototype1/Content/StarterContent/Textures/T_Brick_Clay_New_D.uasset" 506
"C:/Users/fynnl/Desktop/Minor Skilled/Git/MiSkiPro/Prototype1/Content/StarterContent/Textures/T_Brick_Clay_New_M.uasset" 507
"C:/Users/fynnl/Desktop/Minor Skilled/Git/MiSkiPro/Prototype1/Content/StarterContent/Textures/T_Brick_Clay_New_N.uasset" 508
"C:/Users/fynnl/Desktop/Minor Skilled/Git/MiSkiPro/Prototype1/Content/StarterContent/Materials/M_Brick_Clay_New.uasset" 509
"C:/Users/fynnl/Desktop/Minor Skilled/Git/MiSkiPro/Prototype1/Content/StarterContent/Textures/T_Brick_Clay_Old_D.uasset" 510
"C:/Users/fynnl/Desktop/Minor Skilled/Git/MiSkiPro/Prototype1/Content/StarterContent/Textures/T_Brick_Clay_Old_N.uasset" 511
"C:/Users/fynnl/Desktop/Minor Skilled/Git/MiSkiPro/Prototype1/Content/StarterContent/Materials/M_Brick_Clay_Old.uasset" 512
"C:/Users/fynnl/Desktop/Minor Skilled/Git/MiSkiPro/Prototype1/Content/StarterContent/Textures/T_Brick_Cut_Stone_D.uasset" 513
"C:/Users/fynnl/Desktop/Minor Skilled/Git/MiSkiPro/Prototype1/Content/StarterContent/Textures/T_Brick_Cut_Stone_N.uasset" 514
"C:/Users/fynnl/Desktop/Minor Skilled/Git/MiSkiPro/Prototype1/Content/StarterContent/Materials/M_Brick_Cut_Stone.uasset" 515
"C:/Users/fynnl/Desktop/Minor Skilled/Git/MiSkiPro/Prototype1/Content/StarterContent/Textures/T_Brick_Hewn_Stone_D.uasset" 516
"C:/Users/fynnl/Desktop/Minor Skilled/Git/MiSkiPro/Prototype1/Content/StarterContent/Textures/T_Brick_Hewn_Stone_M.uasset" 517
"C:/Users/fynnl/Desktop/Minor Skilled/Git/MiSkiPro/Prototype1/Content/StarterContent/Textures/T_Brick_Hewn_Stone_N.uasset" 518
"C:/Users/fynnl/Desktop/Minor Skilled/Git/MiSkiPro/Prototype1/Content/StarterContent/Materials/M_Brick_Hewn_Stone.uasset" 519
"C:/Users/fynnl/Desktop/Minor Skilled/Git/MiSkiPro/Prototype1/Content/StarterContent/Textures/T_Ceramic_Tile_M.uasset" 520
"C:/Users/fynnl/Desktop/Minor Skilled/Git/MiSkiPro/Prototype1/Content/StarterContent/Textures/T_Ceramic_Tile_N.uasset" 521
"C:/Users/fynnl/Desktop/Minor Skilled/Git/MiSkiPro/Prototype1/Content/StarterContent/Textures/T_Rock_Marble_Polished_D.uasset" 522
"C:/Users/fynnl/Desktop/Minor Skilled/Git/MiSkiPro/Prototype1/Content/StarterContent/Materials/M_Ceramic_Tile_Checker.uasset" 523
"C:/Users/fynnl/Desktop/Minor Skilled/Git/MiSkiPro/Prototype1/Content/StarterContent/Textures/T_CobbleStone_Pebble_D.uasset" 524
"C:/Users/fynnl/Desktop/Minor Skilled/Git/MiSkiPro/Prototype1/Content/StarterContent/Textures/T_CobbleStone_Pebble_M.uasset" 525
"C:/Users/fynnl/Desktop/Minor Skilled/Git/MiSkiPro/Prototype1/Content/StarterContent/Textures/T_CobbleStone_Pebble_N.uasset" 526
"C:/Users/fynnl/Desktop/Minor Skilled/Git/MiSkiPro/Prototype1/Content/StarterContent/Materials/M_CobbleStone_Pebble.uasset" 527
"C:/Users/fynnl/Desktop/Minor Skilled/Git/MiSkiPro/Prototype1/Content/StarterContent/Textures/T_CobbleStone_Rough_D.uasset" 528
"C:/Users/fynnl/Desktop/Minor Skilled/Git/MiSkiPro/Prototype1/Content/StarterContent/Textures/T_CobbleStone_Rough_N.uasset" 529
"C:/Users/fynnl/Desktop/Minor Skilled/Git/MiSkiPro/Prototype1/Content/StarterContent/Textures/T_Gradinet_01.uasset" 530
"C:/Users/fynnl/Desktop/Minor Skilled/Git/MiSkiPro/Prototype1/Content/StarterContent/Textures/T_Rock_Smooth_Granite_D.uasset" 531
"C:/Users/fynnl/Desktop/Minor Skilled/Git/MiSkiPro/Prototype1/Content/StarterContent/Materials/M_CobbleStone_Rough.uasset" 532
"C:/Users/fynnl/Desktop/Minor Skilled/Git/MiSkiPro/Prototype1/Content/StarterContent/Textures/T_CobbleStone_Smooth_D.uasset" 533
"C:/Users/fynnl/Desktop/Minor Skilled/Git/MiSkiPro/Prototype1/Content/StarterContent/Textures/T_CobbleStone_Smooth_M.uasset" 534
"C:/Users/fynnl/Desktop/Minor Skilled/Git/MiSkiPro/Prototype1/Content/StarterContent/Textures/T_CobbleStone_Smooth_N.uasset" 535
"C:/Users/fynnl/Desktop/Minor Skilled/Git/MiSkiPro/Prototype1/Content/StarterContent/Materials/M_CobbleStone_Smooth.uasset" 536
"C:/Users/fynnl/Desktop/Minor Skilled/Git/MiSkiPro/Prototype1/Content/StarterContent/Textures/T_Concrete_Grime_D.uasset" 537
"C:/Users/fynnl/Desktop/Minor Skilled/Git/MiSkiPro/Prototype1/Content/StarterContent/Materials/M_Concrete_Grime.uasset" 538
"C:/Users/fynnl/Desktop/Minor Skilled/Git/MiSkiPro/Prototype1/Content/StarterContent/Textures/T_Concrete_Poured_D.uasset" 539
"C:/Users/fynnl/Desktop/Minor Skilled/Git/MiSkiPro/Prototype1/Content/StarterContent/Textures/T_Concrete_Poured_N.uasset" 540
"C:/Users/fynnl/Desktop/Minor Skilled/Git/MiSkiPro/Prototype1/Content/StarterContent/Materials/M_Concrete_Poured.uasset" 541
"C:/Users/fynnl/Desktop/Minor Skilled/Git/MiSkiPro/Prototype1/Content/StarterContent/Textures/T_Concrete_Tiles_D.uasset" 542
"C:/Users/fynnl/Desktop/Minor Skilled/Git/MiSkiPro/Prototype1/Content/StarterContent/Textures/T_Concrete_Tiles_M.uasset" 543
"C:/Users/fynnl/Desktop/Minor Skilled/Git/MiSkiPro/Prototype1/Content/StarterContent/Textures/T_Concrete_Tiles_N.uasset" 544
"C:/Users/fynnl/Desktop/Minor Skilled/Git/MiSkiPro/Prototype1/Content/StarterContent/Textures/T_Concrete_Tiles_Variation_M.uasset" 545
"C:/Users/fynnl/Desktop/Minor Skilled/Git/MiSkiPro/Prototype1/Content/StarterContent/Materials/M_Concrete_Tiles.uasset" 546
"C:/Users/fynnl/Desktop/Minor Skilled/Git/MiSkiPro/Prototype1/Content/StarterContent/Textures/T_Ground_Gravel_D.uasset" 547
"C:/Users/fynnl/Desktop/Minor Skilled/Git/MiSkiPro/Prototype1/Content/StarterContent/Textures/T_Ground_Gravel_N.uasset" 548
"C:/Users/fynnl/Desktop/Minor Skilled/Git/MiSkiPro/Prototype1/Content/StarterContent/Materials/M_Ground_Gravel.uasset" 549
"C:/Users/fynnl/Desktop/Minor Skilled/Git/MiSkiPro/Prototype1/Content/StarterContent/Materials/M_Metal_Chrome.uasset" 550
"C:/Users/fynnl/Desktop/Minor Skilled/Git/MiSkiPro/Prototype1/Content/StarterContent/Textures/T_Metal_Gold_D.uasset" 551
"C:/Users/fynnl/Desktop/Minor Skilled/Git/MiSkiPro/Prototype1/Content/StarterContent/Materials/M_Metal_Gold.uasset" 552
"C:/Users/fynnl/Desktop/Minor Skilled/Git/MiSkiPro/Prototype1/Content/StarterContent/Textures/T_Metal_Steel_D.uasset" 553
"C:/Users/fynnl/Desktop/Minor Skilled/Git/MiSkiPro/Prototype1/Content/StarterContent/Textures/T_Metal_Steel_N.uasset" 554
"C:/Users/fynnl/Desktop/Minor Skilled/Git/MiSkiPro/Prototype1/Content/StarterContent/Materials/M_Metal_Steel.uasset" 555
"C:/Users/fynnl/Desktop/Minor Skilled/Git/MiSkiPro/Prototype1/Content/StarterContent/Materials/M_Rock_Marble_Polished.uasset" 556
"C:/Users/fynnl/Desktop/Minor Skilled/Git/MiSkiPro/Prototype1/Content/StarterContent/Textures/T_Rock_Slate_D.uasset" 557
"C:/Users/fynnl/Desktop/Minor Skilled/Git/MiSkiPro/Prototype1/Content/StarterContent/Textures/T_Rock_Slate_N.uasset" 558
"C:/Users/fynnl/Desktop/Minor Skilled/Git/MiSkiPro/Prototype1/Content/StarterContent/Materials/M_Rock_Slate.uasset" 559
"C:/Users/fynnl/Desktop/Minor Skilled/Git/MiSkiPro/Prototype1/Content/StarterContent/Textures/T_Checker_Noise_M.uasset" 560
"C:/Users/fynnl/Desktop/Minor Skilled/Git/MiSkiPro/Prototype1/Content/StarterContent/Textures/T_Single_Tile_N.uasset" 561
"C:/Users/fynnl/Desktop/Minor Skilled/Git/MiSkiPro/Prototype1/Content/StarterContent/Textures/T_Tech_Dot_M.uasset" 562
"C:/Users/fynnl/Desktop/Minor Skilled/Git/MiSkiPro/Prototype1/Content/StarterContent/Textures/T_Tech_Dot_N.uasset" 563
"C:/Users/fynnl/Desktop/Minor Skilled/Git/MiSkiPro/Prototype1/Content/StarterContent/Materials/M_Tech_Checker_Dot.uasset" 564
"C:/Users/fynnl/Desktop/Minor Skilled/Git/MiSkiPro/Prototype1/Content/StarterContent/Textures/T_Tech_Hex_Tile_M.uasset" 565
"C:/Users/fynnl/Desktop/Minor Skilled/Git/MiSkiPro/Prototype1/Content/StarterContent/Textures/T_Tech_Hex_Tile_N.uasset" 566
"C:/Users/fynnl/Desktop/Minor Skilled/Git/MiSkiPro/Prototype1/Content/StarterContent/Materials/M_Tech_Hex_Tile.uasset" 567
"C:/Users/fynnl/Desktop/Minor Skilled/Git/MiSkiPro/Prototype1/Content/StarterContent/Materials/M_Tech_Hex_Tile_Pulse.uasset" 568
"C:/Users/fynnl/Desktop/Minor Skilled/Git/MiSkiPro/Prototype1/Content/StarterContent/Textures/T_Tech_Panel_M.uasset" 569
"C:/Users/fynnl/Desktop/Minor Skilled/Git/MiSkiPro/Prototype1/Content/StarterContent/Textures/T_Tech_Panel_N.uasset" 570
"C:/Users/fynnl/Desktop/Minor Skilled/Git/MiSkiPro/Prototype1/Content/StarterContent/Materials/M_Tech_Panel.uasset" 571
"C:/Users/fynnl/Desktop/Minor Skilled/Git/MiSkiPro/Prototype1/Content/StarterContent/Materials/M_Water_Lake.uasset" 572
"C:/Users/fynnl/Desktop/Minor Skilled/Git/MiSkiPro/Prototype1/Content/StarterContent/Textures/T_Water_M.uasset" 573
"C:/Users/fynnl/Desktop/Minor Skilled/Git/MiSkiPro/Prototype1/Content/StarterContent/Materials/M_Water_Ocean.uasset" 574
"C:/Users/fynnl/Desktop/Minor Skilled/Git/MiSkiPro/Prototype1/Content/StarterContent/Textures/T_Wood_Floor_Walnut_D.uasset" 575
"C:/Users/fynnl/Desktop/Minor Skilled/Git/MiSkiPro/Prototype1/Content/StarterContent/Textures/T_Wood_Floor_Walnut_M.uasset" 576
"C:/Users/fynnl/Desktop/Minor Skilled/Git/MiSkiPro/Prototype1/Content/StarterContent/Textures/T_Wood_Floor_Walnut_N.uasset" 577
"C:/Users/fynnl/Desktop/Minor Skilled/Git/MiSkiPro/Prototype1/Content/StarterContent/Materials/M_Wood_Floor_Walnut_Polished.uasset" 578
"../../../Engine/Content/Functions/Engine_MaterialFunctions01/Opacity/AlphaOffset.uasset" 579
"C:/Users/fynnl/Desktop/Minor Skilled/Git/MiSkiPro/Prototype1/Content/StarterContent/Materials/M_Wood_Floor_Walnut_Worn.uasset" 580
"C:/Users/fynnl/Desktop/Minor Skilled/Git/MiSkiPro/Prototype1/Content/StarterContent/Textures/T_Wood_Pine_D.uasset" 581
"C:/Users/fynnl/Desktop/Minor Skilled/Git/MiSkiPro/Prototype1/Content/StarterContent/Textures/T_Wood_Pine_N.uasset" 582
"C:/Users/fynnl/Desktop/Minor Skilled/Git/MiSkiPro/Prototype1/Content/StarterContent/Materials/M_Wood_Pine.uasset" 583
"C:/Users/fynnl/Desktop/Minor Skilled/Git/MiSkiPro/Prototype1/Content/StarterContent/Textures/T_Wood_Walnut_D.uasset" 584
"C:/Users/fynnl/Desktop/Minor Skilled/Git/MiSkiPro/Prototype1/Content/StarterContent/Textures/T_Wood_Walnut_N.uasset" 585
"C:/Users/fynnl/Desktop/Minor Skilled/Git/MiSkiPro/Prototype1/Content/StarterContent/Materials/M_Wood_Walnut.uasset" 586
"C:/Users/fynnl/Desktop/Minor Skilled/Git/MiSkiPro/Prototype1/Content/StarterContent/Architecture/Wall_400x200.uasset" 587
"C:/Users/fynnl/Desktop/Minor Skilled/Git/MiSkiPro/Prototype1/Content/StarterContent/Architecture/Wall_Door_400x300.uasset" 588
"C:/Users/fynnl/Desktop/Minor Skilled/Git/MiSkiPro/Prototype1/Content/StarterContent/Architecture/Wall_Window_400x300.uasset" 589
"C:/Users/fynnl/Desktop/Minor Skilled/Git/MiSkiPro/Prototype1/Content/StarterContent/Audio/Collapse_Cue.uasset" 590
"C:/Users/fynnl/Desktop/Minor Skilled/Git/MiSkiPro/Prototype1/Content/StarterContent/Audio/Starter_Music_Cue.uasset" 591
"C:/Users/fynnl/Desktop/Minor Skilled/Git/MiSkiPro/Prototype1/Content/StarterContent/Textures/T_Dust_Particle_D.uasset" 592
"C:/Users/fynnl/Desktop/Minor Skilled/Git/MiSkiPro/Prototype1/Content/StarterContent/Particles/Materials/M_Dust_Particle.uasset" 593
"C:/Users/fynnl/Desktop/Minor Skilled/Git/MiSkiPro/Prototype1/Content/StarterContent/Particles/P_Ambient_Dust.uasset" 594
"C:/Users/fynnl/Desktop/Minor Skilled/Git/MiSkiPro/Prototype1/Content/StarterContent/Textures/T_Frame_M.uasset" 595
"C:/Users/fynnl/Desktop/Minor Skilled/Git/MiSkiPro/Prototype1/Content/StarterContent/Textures/T_Frame_N.uasset" 596
"C:/Users/fynnl/Desktop/Minor Skilled/Git/MiSkiPro/Prototype1/Content/StarterContent/Props/Materials/M_Frame.uasset" 597
"C:/Users/fynnl/Desktop/Minor Skilled/Git/MiSkiPro/Prototype1/Content/StarterContent/Props/SM_CornerFrame.uasset" 598
"C:/Users/fynnl/Desktop/Minor Skilled/Git/MiSkiPro/Prototype1/Content/StarterContent/Props/SM_DoorFrame.uasset" 599
"C:/Users/fynnl/Desktop/Minor Skilled/Git/MiSkiPro/Prototype1/Content/StarterContent/Props/SM_GlassWindow.uasset" 600
"C:/Users/fynnl/Desktop/Minor Skilled/Git/MiSkiPro/Prototype1/Content/StarterContent/Props/SM_PillarFrame.uasset" 601
"C:/Users/fynnl/Desktop/Minor Skilled/Git/MiSkiPro/Prototype1/Content/StarterContent/Props/SM_PillarFrame300.uasset" 602
"C:/Users/fynnl/Desktop/Minor Skilled/Git/MiSkiPro/Prototype1/Content/StarterContent/Props/SM_WindowFrame.uasset" 603
"C:/Users/fynnl/Desktop/Minor Skilled/Git/MiSkiPro/Prototype1/Content/StarterContent/Shapes/Shape_Cube.uasset" 604
"C:/Users/fynnl/Desktop/Minor Skilled/Git/MiSkiPro/Prototype1/Content/StarterContent/Shapes/Shape_QuadPyramid.uasset" 605
"C:/Users/fynnl/Desktop/Minor Skilled/Git/MiSkiPro/Prototype1/Content/StarterContent/Shapes/Shape_Sphere.uasset" 606
"C:/Users/fynnl/Desktop/Minor Skilled/Git/MiSkiPro/Prototype1/Content/StarterContent/Maps/StarterMap.umap" 607
"../../../Engine/Content/Maps/Entry_BuiltData.uasset" 608
"../../../Engine/Content/Maps/Entry.umap" 609
