Log file open, 11/25/20 12:10:53
LogInit: Display: Running engine for game: Prototype1
LogPlatformFile: Not using cached read wrapper
LogTaskGraph: Started task graph with 5 named threads and 23 total threads with 3 sets of task threads.
LogStats: Stats thread started at 0.251515
LogD3D11RHI: Loaded GFSDK_Aftermath_Lib.x64.dll
LogICUInternationalization: ICU TimeZone Detection - Raw Offset: +1:00, Platform Override: ''
LogPluginManager: Mounting plugin Paper2D
LogPluginManager: Mounting plugin AISupport
LogPluginManager: Mounting plugin LightPropagationVolume
LogPluginManager: Mounting plugin CameraShakePreviewer
LogPluginManager: Mounting plugin ActorLayerUtilities
LogPluginManager: Mounting plugin AnimationSharing
LogPluginManager: Mounting plugin CLionSourceCodeAccess
LogPluginManager: Mounting plugin CodeLiteSourceCodeAccess
LogPluginManager: Mounting plugin GitSourceControl
LogPluginManager: Mounting plugin KDevelopSourceCodeAccess
LogPluginManager: Mounting plugin NullSourceCodeAccess
LogPluginManager: Mounting plugin PerforceSourceControl
LogPluginManager: Mounting plugin PlasticSourceControl
LogPluginManager: Mounting plugin RiderSourceCodeAccess
LogPluginManager: Mounting plugin SubversionSourceControl
LogPluginManager: Mounting plugin UObjectPlugin
LogPluginManager: Mounting plugin VisualStudioCodeSourceCodeAccess
LogPluginManager: Mounting plugin VisualStudioSourceCodeAccess
LogPluginManager: Mounting plugin XCodeSourceCodeAccess
LogPluginManager: Mounting plugin AssetManagerEditor
LogPluginManager: Mounting plugin CryptoKeys
LogPluginManager: Mounting plugin CurveEditorTools
LogPluginManager: Mounting plugin DataValidation
LogPluginManager: Mounting plugin EditorScriptingUtilities
LogPluginManager: Mounting plugin FacialAnimation
LogPluginManager: Mounting plugin GameplayTagsEditor
LogPluginManager: Mounting plugin GeometryMode
LogPluginManager: Mounting plugin MacGraphicsSwitching
LogPluginManager: Mounting plugin MaterialAnalyzer
LogPluginManager: Mounting plugin MobileLauncherProfileWizard
LogPluginManager: Mounting plugin PluginBrowser
LogPluginManager: Mounting plugin SpeedTreeImporter
LogPluginManager: Mounting plugin DatasmithContent
LogPluginManager: Mounting plugin VariantManagerContent
LogPluginManager: Mounting plugin AlembicImporter
LogPluginManager: Mounting plugin AutomationUtils
LogPluginManager: Mounting plugin BackChannel
LogPluginManager: Mounting plugin ChaosCloth
LogPluginManager: Mounting plugin ChaosClothEditor
LogPluginManager: Mounting plugin ChaosEditor
LogPluginManager: Mounting plugin ChaosNiagara
LogPluginManager: Mounting plugin ChaosSolverPlugin
LogPluginManager: Mounting plugin CharacterAI
LogPluginManager: Mounting plugin GeometryCache
LogPluginManager: Mounting plugin GeometryCollectionPlugin
LogPluginManager: Mounting plugin GeometryProcessing
LogPluginManager: Mounting plugin PlanarCut
LogPluginManager: Mounting plugin PlatformCrypto
LogPluginManager: Mounting plugin ProxyLODPlugin
LogPluginManager: Mounting plugin SkeletalReduction
LogPluginManager: Mounting plugin Niagara
LogPluginManager: Mounting plugin MagicLeap
LogPluginManager: Mounting plugin MagicLeapLightEstimation
LogPluginManager: Mounting plugin MagicLeapMedia
LogPluginManager: Mounting plugin MagicLeapPassableWorld
LogPluginManager: Mounting plugin MLSDK
LogPluginManager: Mounting plugin AndroidMedia
LogPluginManager: Mounting plugin AvfMedia
LogPluginManager: Mounting plugin ImgMedia
LogPluginManager: Mounting plugin MediaCompositing
LogPluginManager: Mounting plugin MediaPlayerEditor
LogPluginManager: Mounting plugin WebMMedia
LogPluginManager: Mounting plugin WmfMedia
LogPluginManager: Mounting plugin MeshPainting
LogPluginManager: Mounting plugin TcpMessaging
LogPluginManager: Mounting plugin UdpMessaging
LogPluginManager: Mounting plugin ActorSequence
LogPluginManager: Mounting plugin LevelSequenceEditor
LogPluginManager: Mounting plugin MatineeToLevelSequence
LogPluginManager: Mounting plugin MovieRenderPipeline
LogPluginManager: Mounting plugin TemplateSequence
LogPluginManager: Mounting plugin NetcodeUnitTest
LogPluginManager: Mounting plugin NUTUnrealEngine4
LogPluginManager: Mounting plugin OnlineSubsystemGooglePlay
LogPluginManager: Mounting plugin OnlineSubsystemIOS
LogPluginManager: Mounting plugin OnlineSubsystem
LogPluginManager: Mounting plugin OnlineSubsystemNull
LogPluginManager: Mounting plugin OnlineSubsystemUtils
LogPluginManager: Mounting plugin LauncherChunkInstaller
LogPluginManager: Mounting plugin AndroidDeviceProfileSelector
LogPluginManager: Mounting plugin AndroidMoviePlayer
LogPluginManager: Mounting plugin AndroidPermission
LogPluginManager: Mounting plugin AppleImageUtils
LogPluginManager: Mounting plugin AppleMoviePlayer
LogPluginManager: Mounting plugin ArchVisCharacter
LogPluginManager: Mounting plugin AssetTags
LogPluginManager: Mounting plugin AudioCapture
LogPluginManager: Mounting plugin CableComponent
LogPluginManager: Mounting plugin CustomMeshComponent
LogPluginManager: Mounting plugin EditableMesh
LogPluginManager: Mounting plugin ExampleDeviceProfileSelector
LogPluginManager: Mounting plugin GoogleCloudMessaging
LogPluginManager: Mounting plugin GooglePAD
LogPluginManager: Mounting plugin IOSDeviceProfileSelector
LogPluginManager: Mounting plugin LinuxDeviceProfileSelector
LogPluginManager: Mounting plugin LocationServicesBPLibrary
LogPluginManager: Mounting plugin MobilePatchingUtils
LogPluginManager: Mounting plugin OculusVR
LogPluginManager: Mounting plugin PhysXVehicles
LogPluginManager: Mounting plugin PostSplashScreen
LogPluginManager: Mounting plugin ProceduralMeshComponent
LogPluginManager: Mounting plugin RuntimePhysXCooking
LogPluginManager: Mounting plugin SignificanceManager
LogPluginManager: Mounting plugin SoundFields
LogPluginManager: Mounting plugin SteamVR
LogPluginManager: Mounting plugin Synthesis
LogPluginManager: Mounting plugin WebMMoviePlayer
LogPluginManager: Mounting plugin WindowsMoviePlayer
LogPluginManager: Mounting plugin ScreenshotTools
LogInit: Using libcurl 7.55.1-DEV
LogInit:  - built for x86_64-pc-win32
LogInit:  - supports SSL with OpenSSL/1.1.1
LogInit:  - supports HTTP deflate (compression) using libz 1.2.8
LogInit:  - other features:
LogInit:      CURL_VERSION_SSL
LogInit:      CURL_VERSION_LIBZ
LogInit:      CURL_VERSION_IPV6
LogInit:      CURL_VERSION_ASYNCHDNS
LogInit:      CURL_VERSION_LARGEFILE
LogInit:      CURL_VERSION_IDN
LogInit:  CurlRequestOptions (configurable via config and command line):
LogInit:  - bVerifyPeer = true  - Libcurl will verify peer certificate
LogInit:  - bUseHttpProxy = false  - Libcurl will NOT use HTTP proxy
LogInit:  - bDontReuseConnections = false  - Libcurl will reuse connections
LogInit:  - MaxHostConnections = 16  - Libcurl will limit the number of connections to a host
LogInit:  - LocalHostAddr = Default
LogInit:  - BufferSize = 65536
LogOnline: OSS: Creating online subsystem instance for: NULL
LogInit: WinSock: version 1.1 (2.2), MaxSocks=32767, MaxUdp=65467
LogOnline: OSS: TryLoadSubsystemAndSetDefault: Loaded subsystem for module [NULL]
LogInit: Build: ++UE4+Release-4.25-CL-13942748
LogInit: Engine Version: 4.25.3-13942748+++UE4+Release-4.25
LogInit: Compatible Engine Version: 4.25.0-13144385+++UE4+Release-4.25
LogInit: Net CL: 13144385
LogInit: OS: Windows 10 (Release 1803) (), CPU: Intel(R) Core(TM) i7-6700K CPU @ 4.00GHz, GPU: NVIDIA GeForce GTX 1070
LogInit: Compiled (64-bit): Jul 25 2020 02:07:48
LogInit: Compiled with Visual C++: 19.24.28315.00
LogInit: Build Configuration: Development
LogInit: Branch Name: ++UE4+Release-4.25
LogInit: Command Line:  -EpicPortal -epicusername=Unslaught -epicuserid=62d52413d8374191b26b160974845c59 -epiclocale=en
LogInit: Base Directory: P:/programs/engines/unreal/UE_4.25/Engine/Binaries/Win64/
LogInit: Allocator: TBB
LogInit: Installed Engine Build: 1
LogDevObjectVersion: Number of dev versions registered: 26
LogDevObjectVersion:   Dev-Blueprints (B0D832E4-1F89-4F0D-ACCF-7EB736FD4AA2): 10
LogDevObjectVersion:   Dev-Build (E1C64328-A22C-4D53-A36C-8E866417BD8C): 0
LogDevObjectVersion:   Dev-Core (375EC13C-06E4-48FB-B500-84F0262A717E): 4
LogDevObjectVersion:   Dev-Editor (E4B068ED-F494-42E9-A231-DA0B2E46BB41): 38
LogDevObjectVersion:   Dev-Framework (CFFC743F-43B0-4480-9391-14DF171D2073): 37
LogDevObjectVersion:   Dev-Mobile (B02B49B5-BB20-44E9-A304-32B752E40360): 2
LogDevObjectVersion:   Dev-Networking (A4E4105C-59A1-49B5-A7C5-40C4547EDFEE): 0
LogDevObjectVersion:   Dev-Online (39C831C9-5AE6-47DC-9A44-9C173E1C8E7C): 0
LogDevObjectVersion:   Dev-Physics (78F01B33-EBEA-4F98-B9B4-84EACCB95AA2): 4
LogDevObjectVersion:   Dev-Platform (6631380F-2D4D-43E0-8009-CF276956A95A): 0
LogDevObjectVersion:   Dev-Rendering (12F88B9F-8875-4AFC-A67C-D90C383ABD29): 43
LogDevObjectVersion:   Dev-Sequencer (7B5AE74C-D270-4C10-A958-57980B212A5A): 12
LogDevObjectVersion:   Dev-VR (D7296918-1DD6-4BDD-9DE2-64A83CC13884): 3
LogDevObjectVersion:   Dev-LoadTimes (C2A15278-BFE7-4AFE-6C17-90FF531DF755): 1
LogDevObjectVersion:   Private-Geometry (6EACA3D4-40EC-4CC1-B786-8BED09428FC5): 3
LogDevObjectVersion:   Dev-AnimPhys (29E575DD-E0A3-4627-9D10-D276232CDCEA): 17
LogDevObjectVersion:   Dev-Anim (AF43A65D-7FD3-4947-9873-3E8ED9C1BB05): 7
LogDevObjectVersion:   Dev-ReflectionCapture (6B266CEC-1EC7-4B8F-A30B-E4D90942FC07): 1
LogDevObjectVersion:   Dev-Automation (0DF73D61-A23F-47EA-B727-89E90C41499A): 1
LogDevObjectVersion:   FortniteMain (601D1886-AC64-4F84-AA16-D3DE0DEAC7D6): 31
LogDevObjectVersion:   Dev-Enterprise (9DFFBCD6-494F-0158-E221-12823C92A888): 10
LogDevObjectVersion:   Dev-Niagara (F2AED0AC-9AFE-416F-8664-AA7FFA26D6FC): 1
LogDevObjectVersion:   Dev-Destruction (174F1F0B-B4C6-45A5-B13F-2EE8D0FB917D): 10
LogDevObjectVersion:   Dev-Physics-Ext (35F94A83-E258-406C-A318-09F59610247C): 37
LogDevObjectVersion:   Dev-PhysicsMaterial-Chaos (B68FC16E-8B1B-42E2-B453-215C058844FE): 1
LogDevObjectVersion:   Dev-CineCamera (B2E18506-4273-CFC2-A54E-F4BB758BBA07): 1
LogInit: Presizing for max 25165824 objects, including 0 objects not considered by GC, pre-allocating 0 bytes for permanent pool.
LogConfig: Applying CVar settings from Section [/Script/Engine.StreamingSettings] File [P:/unreal/Minor/MiSkiPro/Prototype1/Saved/Config/Windows/Engine.ini]
LogConfig: Setting CVar [[s.MinBulkDataSizeForAsyncLoading:131072]]
LogConfig: Setting CVar [[s.AsyncLoadingThreadEnabled:0]]
LogConfig: Setting CVar [[s.EventDrivenLoaderEnabled:1]]
LogConfig: Setting CVar [[s.WarnIfTimeLimitExceeded:0]]
LogConfig: Setting CVar [[s.TimeLimitExceededMultiplier:1.5]]
LogConfig: Setting CVar [[s.TimeLimitExceededMinTime:0.005]]
LogConfig: Setting CVar [[s.UseBackgroundLevelStreaming:1]]
LogConfig: Setting CVar [[s.PriorityAsyncLoadingExtraTime:15.0]]
LogConfig: Setting CVar [[s.LevelStreamingActorsUpdateTimeLimit:5.0]]
LogConfig: Setting CVar [[s.PriorityLevelStreamingActorsUpdateExtraTime:5.0]]
LogConfig: Setting CVar [[s.LevelStreamingComponentsRegistrationGranularity:10]]
LogConfig: Setting CVar [[s.UnregisterComponentsTimeLimit:1.0]]
LogConfig: Setting CVar [[s.LevelStreamingComponentsUnregistrationGranularity:5]]
LogConfig: Setting CVar [[s.FlushStreamingOnExit:1]]
LogInit: Object subsystem initialized
LogConfig: Setting CVar [[con.DebugEarlyDefault:1]]
LogConfig: Setting CVar [[r.setres:1280x720]]
[2020.11.25-11.10.53:702][  0]LogConfig: Setting CVar [[r.VSync:0]]
[2020.11.25-11.10.53:702][  0]LogConfig: Setting CVar [[r.RHICmdBypass:0]]
[2020.11.25-11.10.53:702][  0]LogConfig: Applying CVar settings from Section [/Script/Engine.RendererSettings] File [P:/unreal/Minor/MiSkiPro/Prototype1/Saved/Config/Windows/Engine.ini]
[2020.11.25-11.10.53:702][  0]LogConfig: Setting CVar [[r.GPUCrashDebugging:0]]
[2020.11.25-11.10.53:702][  0]LogConfig: Applying CVar settings from Section [/Script/Engine.RendererOverrideSettings] File [P:/unreal/Minor/MiSkiPro/Prototype1/Saved/Config/Windows/Engine.ini]
[2020.11.25-11.10.53:702][  0]LogConfig: Applying CVar settings from Section [/Script/Engine.StreamingSettings] File [P:/unreal/Minor/MiSkiPro/Prototype1/Saved/Config/Windows/Engine.ini]
[2020.11.25-11.10.53:702][  0]LogConfig: Setting CVar [[s.MinBulkDataSizeForAsyncLoading:131072]]
[2020.11.25-11.10.53:702][  0]LogConfig: Setting CVar [[s.AsyncLoadingThreadEnabled:0]]
[2020.11.25-11.10.53:702][  0]LogConfig: Setting CVar [[s.EventDrivenLoaderEnabled:1]]
[2020.11.25-11.10.53:702][  0]LogConfig: Setting CVar [[s.WarnIfTimeLimitExceeded:0]]
[2020.11.25-11.10.53:702][  0]LogConfig: Setting CVar [[s.TimeLimitExceededMultiplier:1.5]]
[2020.11.25-11.10.53:702][  0]LogConfig: Setting CVar [[s.TimeLimitExceededMinTime:0.005]]
[2020.11.25-11.10.53:702][  0]LogConfig: Setting CVar [[s.UseBackgroundLevelStreaming:1]]
[2020.11.25-11.10.53:702][  0]LogConfig: Setting CVar [[s.PriorityAsyncLoadingExtraTime:15.0]]
[2020.11.25-11.10.53:702][  0]LogConfig: Setting CVar [[s.LevelStreamingActorsUpdateTimeLimit:5.0]]
[2020.11.25-11.10.53:702][  0]LogConfig: Setting CVar [[s.PriorityLevelStreamingActorsUpdateExtraTime:5.0]]
[2020.11.25-11.10.53:702][  0]LogConfig: Setting CVar [[s.LevelStreamingComponentsRegistrationGranularity:10]]
[2020.11.25-11.10.53:702][  0]LogConfig: Setting CVar [[s.UnregisterComponentsTimeLimit:1.0]]
[2020.11.25-11.10.53:702][  0]LogConfig: Setting CVar [[s.LevelStreamingComponentsUnregistrationGranularity:5]]
[2020.11.25-11.10.53:702][  0]LogConfig: Setting CVar [[s.FlushStreamingOnExit:1]]
[2020.11.25-11.10.53:702][  0]LogConfig: Applying CVar settings from Section [/Script/Engine.GarbageCollectionSettings] File [P:/unreal/Minor/MiSkiPro/Prototype1/Saved/Config/Windows/Engine.ini]
[2020.11.25-11.10.53:702][  0]LogConfig: Setting CVar [[gc.MaxObjectsNotConsideredByGC:1]]
[2020.11.25-11.10.53:702][  0]LogConfig: Setting CVar [[gc.SizeOfPermanentObjectPool:0]]
[2020.11.25-11.10.53:702][  0]LogConfig: Setting CVar [[gc.FlushStreamingOnGC:0]]
[2020.11.25-11.10.53:702][  0]LogConfig: Setting CVar [[gc.NumRetriesBeforeForcingGC:10]]
[2020.11.25-11.10.53:702][  0]LogConfig: Setting CVar [[gc.AllowParallelGC:1]]
[2020.11.25-11.10.53:702][  0]LogConfig: Setting CVar [[gc.TimeBetweenPurgingPendingKillObjects:61.1]]
[2020.11.25-11.10.53:702][  0]LogConfig: Setting CVar [[gc.MaxObjectsInEditor:25165824]]
[2020.11.25-11.10.53:702][  0]LogConfig: Setting CVar [[gc.IncrementalBeginDestroyEnabled:1]]
[2020.11.25-11.10.53:702][  0]LogConfig: Setting CVar [[gc.CreateGCClusters:1]]
[2020.11.25-11.10.53:702][  0]LogConfig: Setting CVar [[gc.MinGCClusterSize:5]]
[2020.11.25-11.10.53:702][  0]LogConfig: Setting CVar [[gc.ActorClusteringEnabled:0]]
[2020.11.25-11.10.53:702][  0]LogConfig: Setting CVar [[gc.BlueprintClusteringEnabled:0]]
[2020.11.25-11.10.53:702][  0]LogConfig: Setting CVar [[gc.UseDisregardForGCOnDedicatedServers:0]]
[2020.11.25-11.10.53:702][  0]LogConfig: Applying CVar settings from Section [/Script/Engine.NetworkSettings] File [P:/unreal/Minor/MiSkiPro/Prototype1/Saved/Config/Windows/Engine.ini]
[2020.11.25-11.10.53:702][  0]LogConfig: Applying CVar settings from Section [/Script/UnrealEd.CookerSettings] File [P:/unreal/Minor/MiSkiPro/Prototype1/Saved/Config/Windows/Engine.ini]
[2020.11.25-11.10.53:716][  0]LogConfig: Applying CVar settings from Section [ViewDistanceQuality@3] File [P:/unreal/Minor/MiSkiPro/Prototype1/Saved/Config/Windows/Scalability.ini]
[2020.11.25-11.10.53:716][  0]LogConfig: Setting CVar [[r.SkeletalMeshLODBias:0]]
[2020.11.25-11.10.53:716][  0]LogConfig: Setting CVar [[r.ViewDistanceScale:1.0]]
[2020.11.25-11.10.53:716][  0]LogConfig: Applying CVar settings from Section [AntiAliasingQuality@3] File [P:/unreal/Minor/MiSkiPro/Prototype1/Saved/Config/Windows/Scalability.ini]
[2020.11.25-11.10.53:716][  0]LogConfig: Setting CVar [[r.PostProcessAAQuality:4]]
[2020.11.25-11.10.53:716][  0]LogConfig: Applying CVar settings from Section [ShadowQuality@3] File [P:/unreal/Minor/MiSkiPro/Prototype1/Saved/Config/Windows/Scalability.ini]
[2020.11.25-11.10.53:716][  0]LogConfig: Setting CVar [[r.LightFunctionQuality:1]]
[2020.11.25-11.10.53:716][  0]LogConfig: Setting CVar [[r.ShadowQuality:5]]
[2020.11.25-11.10.53:716][  0]LogConfig: Setting CVar [[r.Shadow.CSM.MaxCascades:10]]
[2020.11.25-11.10.53:716][  0]LogConfig: Setting CVar [[r.Shadow.MaxResolution:2048]]
[2020.11.25-11.10.53:716][  0]LogConfig: Setting CVar [[r.Shadow.MaxCSMResolution:2048]]
[2020.11.25-11.10.53:716][  0]LogConfig: Setting CVar [[r.Shadow.RadiusThreshold:0.01]]
[2020.11.25-11.10.53:716][  0]LogConfig: Setting CVar [[r.Shadow.DistanceScale:1.0]]
[2020.11.25-11.10.53:716][  0]LogConfig: Setting CVar [[r.Shadow.CSM.TransitionScale:1.0]]
[2020.11.25-11.10.53:716][  0]LogConfig: Setting CVar [[r.Shadow.PreShadowResolutionFactor:1.0]]
[2020.11.25-11.10.53:716][  0]LogConfig: Setting CVar [[r.DistanceFieldShadowing:1]]
[2020.11.25-11.10.53:716][  0]LogConfig: Setting CVar [[r.DistanceFieldAO:1]]
[2020.11.25-11.10.53:716][  0]LogConfig: Setting CVar [[r.AOQuality:2]]
[2020.11.25-11.10.53:716][  0]LogConfig: Setting CVar [[r.VolumetricFog:1]]
[2020.11.25-11.10.53:716][  0]LogConfig: Setting CVar [[r.VolumetricFog.GridPixelSize:8]]
[2020.11.25-11.10.53:716][  0]LogConfig: Setting CVar [[r.VolumetricFog.GridSizeZ:128]]
[2020.11.25-11.10.53:716][  0]LogConfig: Setting CVar [[r.VolumetricFog.HistoryMissSupersampleCount:4]]
[2020.11.25-11.10.53:716][  0]LogConfig: Setting CVar [[r.LightMaxDrawDistanceScale:1]]
[2020.11.25-11.10.53:716][  0]LogConfig: Setting CVar [[r.CapsuleShadows:1]]
[2020.11.25-11.10.53:716][  0]LogConfig: Applying CVar settings from Section [PostProcessQuality@3] File [P:/unreal/Minor/MiSkiPro/Prototype1/Saved/Config/Windows/Scalability.ini]
[2020.11.25-11.10.53:716][  0]LogConfig: Setting CVar [[r.MotionBlurQuality:4]]
[2020.11.25-11.10.53:716][  0]LogConfig: Setting CVar [[r.AmbientOcclusionMipLevelFactor:0.4]]
[2020.11.25-11.10.53:716][  0]LogConfig: Setting CVar [[r.AmbientOcclusionMaxQuality:100]]
[2020.11.25-11.10.53:716][  0]LogConfig: Setting CVar [[r.AmbientOcclusionLevels:-1]]
[2020.11.25-11.10.53:716][  0]LogConfig: Setting CVar [[r.AmbientOcclusionRadiusScale:1.0]]
[2020.11.25-11.10.53:716][  0]LogConfig: Setting CVar [[r.DepthOfFieldQuality:2]]
[2020.11.25-11.10.53:717][  0]LogConfig: Setting CVar [[r.RenderTargetPoolMin:400]]
[2020.11.25-11.10.53:717][  0]LogConfig: Setting CVar [[r.LensFlareQuality:2]]
[2020.11.25-11.10.53:717][  0]LogConfig: Setting CVar [[r.SceneColorFringeQuality:1]]
[2020.11.25-11.10.53:717][  0]LogConfig: Setting CVar [[r.EyeAdaptationQuality:2]]
[2020.11.25-11.10.53:717][  0]LogConfig: Setting CVar [[r.BloomQuality:5]]
[2020.11.25-11.10.53:717][  0]LogConfig: Setting CVar [[r.FastBlurThreshold:100]]
[2020.11.25-11.10.53:717][  0]LogConfig: Setting CVar [[r.Upscale.Quality:3]]
[2020.11.25-11.10.53:717][  0]LogConfig: Setting CVar [[r.Tonemapper.GrainQuantization:1]]
[2020.11.25-11.10.53:717][  0]LogConfig: Setting CVar [[r.LightShaftQuality:1]]
[2020.11.25-11.10.53:717][  0]LogConfig: Setting CVar [[r.Filter.SizeScale:1]]
[2020.11.25-11.10.53:717][  0]LogConfig: Setting CVar [[r.Tonemapper.Quality:5]]
[2020.11.25-11.10.53:717][  0]LogConfig: Setting CVar [[r.DOF.Gather.AccumulatorQuality:1        ; higher gathering accumulator quality]]
[2020.11.25-11.10.53:717][  0]LogConfig: Setting CVar [[r.DOF.Gather.PostfilterMethod:1          ; Median3x3 postfilering method]]
[2020.11.25-11.10.53:717][  0]LogConfig: Setting CVar [[r.DOF.Gather.EnableBokehSettings:0       ; no bokeh simulation when gathering]]
[2020.11.25-11.10.53:717][  0]LogConfig: Setting CVar [[r.DOF.Gather.RingCount:4                 ; medium number of samples when gathering]]
[2020.11.25-11.10.53:717][  0]LogConfig: Setting CVar [[r.DOF.Scatter.ForegroundCompositing:1    ; additive foreground scattering]]
[2020.11.25-11.10.53:717][  0]LogConfig: Setting CVar [[r.DOF.Scatter.BackgroundCompositing:2    ; additive background scattering]]
[2020.11.25-11.10.53:717][  0]LogConfig: Setting CVar [[r.DOF.Scatter.EnableBokehSettings:1      ; bokeh simulation when scattering]]
[2020.11.25-11.10.53:717][  0]LogConfig: Setting CVar [[r.DOF.Scatter.MaxSpriteRatio:0.1         ; only a maximum of 10% of scattered bokeh]]
[2020.11.25-11.10.53:717][  0]LogConfig: Setting CVar [[r.DOF.Recombine.Quality:1                ; cheap slight out of focus]]
[2020.11.25-11.10.53:717][  0]LogConfig: Setting CVar [[r.DOF.Recombine.EnableBokehSettings:0    ; no bokeh simulation on slight out of focus]]
[2020.11.25-11.10.53:717][  0]LogConfig: Setting CVar [[r.DOF.TemporalAAQuality:1                ; more stable temporal accumulation]]
[2020.11.25-11.10.53:717][  0]LogConfig: Setting CVar [[r.DOF.Kernel.MaxForegroundRadius:0.025]]
[2020.11.25-11.10.53:717][  0]LogConfig: Setting CVar [[r.DOF.Kernel.MaxBackgroundRadius:0.025]]
[2020.11.25-11.10.53:717][  0]LogConfig: Applying CVar settings from Section [TextureQuality@3] File [P:/unreal/Minor/MiSkiPro/Prototype1/Saved/Config/Windows/Scalability.ini]
[2020.11.25-11.10.53:717][  0]LogConfig: Setting CVar [[r.Streaming.MipBias:0]]
[2020.11.25-11.10.53:717][  0]LogConfig: Setting CVar [[r.Streaming.AmortizeCPUToGPUCopy:0]]
[2020.11.25-11.10.53:717][  0]LogConfig: Setting CVar [[r.Streaming.MaxNumTexturesToStreamPerFrame:0]]
[2020.11.25-11.10.53:717][  0]LogConfig: Setting CVar [[r.Streaming.Boost:1]]
[2020.11.25-11.10.53:717][  0]LogConfig: Setting CVar [[r.MaxAnisotropy:8]]
[2020.11.25-11.10.53:717][  0]LogConfig: Setting CVar [[r.VT.MaxAnisotropy:8]]
[2020.11.25-11.10.53:717][  0]LogConfig: Setting CVar [[r.Streaming.LimitPoolSizeToVRAM:0]]
[2020.11.25-11.10.53:717][  0]LogConfig: Setting CVar [[r.Streaming.PoolSize:1000]]
[2020.11.25-11.10.53:717][  0]LogConfig: Setting CVar [[r.Streaming.MaxEffectiveScreenSize:0]]
[2020.11.25-11.10.53:717][  0]LogConfig: Applying CVar settings from Section [EffectsQuality@3] File [P:/unreal/Minor/MiSkiPro/Prototype1/Saved/Config/Windows/Scalability.ini]
[2020.11.25-11.10.53:717][  0]LogConfig: Setting CVar [[r.TranslucencyLightingVolumeDim:64]]
[2020.11.25-11.10.53:717][  0]LogConfig: Setting CVar [[r.RefractionQuality:2]]
[2020.11.25-11.10.53:717][  0]LogConfig: Setting CVar [[r.SSR.Quality:3]]
[2020.11.25-11.10.53:717][  0]LogConfig: Setting CVar [[r.SSR.HalfResSceneColor:0]]
[2020.11.25-11.10.53:717][  0]LogConfig: Setting CVar [[r.SceneColorFormat:4]]
[2020.11.25-11.10.53:717][  0]LogConfig: Setting CVar [[r.DetailMode:2]]
[2020.11.25-11.10.53:717][  0]LogConfig: Setting CVar [[r.TranslucencyVolumeBlur:1]]
[2020.11.25-11.10.53:717][  0]LogConfig: Setting CVar [[r.MaterialQualityLevel:1 ; High quality]]
[2020.11.25-11.10.53:717][  0]LogConfig: Setting CVar [[r.SSS.Scale:1]]
[2020.11.25-11.10.53:717][  0]LogConfig: Setting CVar [[r.SSS.SampleSet:2]]
[2020.11.25-11.10.53:717][  0]LogConfig: Setting CVar [[r.SSS.Quality:1]]
[2020.11.25-11.10.53:717][  0]LogConfig: Setting CVar [[r.SSS.HalfRes:0]]
[2020.11.25-11.10.53:717][  0]LogConfig: Setting CVar [[r.SSGI.Quality:3]]
[2020.11.25-11.10.53:717][  0]LogConfig: Setting CVar [[r.EmitterSpawnRateScale:1.0]]
[2020.11.25-11.10.53:717][  0]LogConfig: Setting CVar [[r.ParticleLightQuality:2]]
[2020.11.25-11.10.53:717][  0]LogConfig: Setting CVar [[r.SkyAtmosphere.AerialPerspectiveLUT.FastApplyOnOpaque:1 ; Always have FastSkyLUT 1 in this case to avoid wrong sky]]
[2020.11.25-11.10.53:717][  0]LogConfig: Setting CVar [[r.SkyAtmosphere.AerialPerspectiveLUT.SampleCountPerSlice:1]]
[2020.11.25-11.10.53:717][  0]LogConfig: Setting CVar [[r.SkyAtmosphere.AerialPerspectiveLUT.DepthResolution:16.0]]
[2020.11.25-11.10.53:717][  0]LogConfig: Setting CVar [[r.SkyAtmosphere.FastSkyLUT:1]]
[2020.11.25-11.10.53:717][  0]LogConfig: Setting CVar [[r.SkyAtmosphere.FastSkyLUT.SampleCountMin:4.0]]
[2020.11.25-11.10.53:717][  0]LogConfig: Setting CVar [[r.SkyAtmosphere.FastSkyLUT.SampleCountMax:32.0]]
[2020.11.25-11.10.53:717][  0]LogConfig: Setting CVar [[r.SkyAtmosphere.SampleCountMin:4.0]]
[2020.11.25-11.10.53:717][  0]LogConfig: Setting CVar [[r.SkyAtmosphere.SampleCountMax:32.0]]
[2020.11.25-11.10.53:717][  0]LogConfig: Setting CVar [[r.SkyAtmosphere.TransmittanceLUT.UseSmallFormat:0]]
[2020.11.25-11.10.53:717][  0]LogConfig: Setting CVar [[r.SkyAtmosphere.TransmittanceLUT.SampleCount:10.0]]
[2020.11.25-11.10.53:717][  0]LogConfig: Setting CVar [[r.SkyAtmosphere.MultiScatteringLUT.SampleCount:15.0]]
[2020.11.25-11.10.53:717][  0]LogConfig: Applying CVar settings from Section [FoliageQuality@3] File [P:/unreal/Minor/MiSkiPro/Prototype1/Saved/Config/Windows/Scalability.ini]
[2020.11.25-11.10.53:717][  0]LogConfig: Setting CVar [[foliage.DensityScale:1.0]]
[2020.11.25-11.10.53:717][  0]LogConfig: Setting CVar [[grass.DensityScale:1.0]]
[2020.11.25-11.10.53:717][  0]LogConfig: Applying CVar settings from Section [ShadingQuality@3] File [P:/unreal/Minor/MiSkiPro/Prototype1/Saved/Config/Windows/Scalability.ini]
[2020.11.25-11.10.53:717][  0]LogConfig: Setting CVar [[r.HairStrands.SkyLighting.SampleCount:16]]
[2020.11.25-11.10.53:717][  0]LogConfig: Setting CVar [[r.HairStrands.SkyLighting.JitterIntegration:0]]
[2020.11.25-11.10.53:717][  0]LogConfig: Setting CVar [[r.HairStrands.SkyAO.SampleCount:16]]
[2020.11.25-11.10.53:717][  0]LogConfig: Setting CVar [[r.HairStrands.DeepShadow.SuperSampling:0]]
[2020.11.25-11.10.53:717][  0]LogConfig: Setting CVar [[r.HairStrands.VisibilityPPLL:0]]
[2020.11.25-11.10.53:717][  0]LogConfig: Setting CVar [[r.HairStrands.RasterizationScale:0.5]]
[2020.11.25-11.10.53:717][  0]LogConfig: Setting CVar [[r.HairStrands.VelocityRasterizationScale:1]]
[2020.11.25-11.10.53:717][  0]LogInit: Selected Device Profile: [Windows]
[2020.11.25-11.10.53:717][  0]LogInit: Applying CVar settings loaded from the selected device profile: [Windows]
[2020.11.25-11.10.53:718][  0]LogHAL: Display: Platform has ~ 32 GB [34295930880 / 34359738368 / 32], which maps to Largest [LargestMinGB=32, LargerMinGB=12, DefaultMinGB=8, SmallerMinGB=6, SmallestMinGB=0)
[2020.11.25-11.10.53:718][  0]LogInit: Going up to parent DeviceProfile []
[2020.11.25-11.10.53:718][  0]LogConfig: Applying CVar settings from Section [ViewDistanceQuality@3] File [P:/unreal/Minor/MiSkiPro/Prototype1/Saved/Config/Windows/Scalability.ini]
[2020.11.25-11.10.53:718][  0]LogConfig: Setting CVar [[r.SkeletalMeshLODBias:0]]
[2020.11.25-11.10.53:718][  0]LogConfig: Setting CVar [[r.ViewDistanceScale:1.0]]
[2020.11.25-11.10.53:718][  0]LogConfig: Applying CVar settings from Section [AntiAliasingQuality@3] File [P:/unreal/Minor/MiSkiPro/Prototype1/Saved/Config/Windows/Scalability.ini]
[2020.11.25-11.10.53:718][  0]LogConfig: Setting CVar [[r.PostProcessAAQuality:4]]
[2020.11.25-11.10.53:718][  0]LogConfig: Applying CVar settings from Section [ShadowQuality@3] File [P:/unreal/Minor/MiSkiPro/Prototype1/Saved/Config/Windows/Scalability.ini]
[2020.11.25-11.10.53:718][  0]LogConfig: Setting CVar [[r.LightFunctionQuality:1]]
[2020.11.25-11.10.53:718][  0]LogConfig: Setting CVar [[r.ShadowQuality:5]]
[2020.11.25-11.10.53:718][  0]LogConfig: Setting CVar [[r.Shadow.CSM.MaxCascades:10]]
[2020.11.25-11.10.53:718][  0]LogConfig: Setting CVar [[r.Shadow.MaxResolution:2048]]
[2020.11.25-11.10.53:718][  0]LogConfig: Setting CVar [[r.Shadow.MaxCSMResolution:2048]]
[2020.11.25-11.10.53:718][  0]LogConfig: Setting CVar [[r.Shadow.RadiusThreshold:0.01]]
[2020.11.25-11.10.53:718][  0]LogConfig: Setting CVar [[r.Shadow.DistanceScale:1.0]]
[2020.11.25-11.10.53:718][  0]LogConfig: Setting CVar [[r.Shadow.CSM.TransitionScale:1.0]]
[2020.11.25-11.10.53:718][  0]LogConfig: Setting CVar [[r.Shadow.PreShadowResolutionFactor:1.0]]
[2020.11.25-11.10.53:718][  0]LogConfig: Setting CVar [[r.DistanceFieldShadowing:1]]
[2020.11.25-11.10.53:718][  0]LogConfig: Setting CVar [[r.DistanceFieldAO:1]]
[2020.11.25-11.10.53:718][  0]LogConfig: Setting CVar [[r.AOQuality:2]]
[2020.11.25-11.10.53:718][  0]LogConfig: Setting CVar [[r.VolumetricFog:1]]
[2020.11.25-11.10.53:718][  0]LogConfig: Setting CVar [[r.VolumetricFog.GridPixelSize:8]]
[2020.11.25-11.10.53:718][  0]LogConfig: Setting CVar [[r.VolumetricFog.GridSizeZ:128]]
[2020.11.25-11.10.53:718][  0]LogConfig: Setting CVar [[r.VolumetricFog.HistoryMissSupersampleCount:4]]
[2020.11.25-11.10.53:718][  0]LogConfig: Setting CVar [[r.LightMaxDrawDistanceScale:1]]
[2020.11.25-11.10.53:718][  0]LogConfig: Setting CVar [[r.CapsuleShadows:1]]
[2020.11.25-11.10.53:718][  0]LogConfig: Applying CVar settings from Section [PostProcessQuality@3] File [P:/unreal/Minor/MiSkiPro/Prototype1/Saved/Config/Windows/Scalability.ini]
[2020.11.25-11.10.53:718][  0]LogConfig: Setting CVar [[r.MotionBlurQuality:4]]
[2020.11.25-11.10.53:718][  0]LogConfig: Setting CVar [[r.AmbientOcclusionMipLevelFactor:0.4]]
[2020.11.25-11.10.53:718][  0]LogConfig: Setting CVar [[r.AmbientOcclusionMaxQuality:100]]
[2020.11.25-11.10.53:718][  0]LogConfig: Setting CVar [[r.AmbientOcclusionLevels:-1]]
[2020.11.25-11.10.53:718][  0]LogConfig: Setting CVar [[r.AmbientOcclusionRadiusScale:1.0]]
[2020.11.25-11.10.53:718][  0]LogConfig: Setting CVar [[r.DepthOfFieldQuality:2]]
[2020.11.25-11.10.53:718][  0]LogConfig: Setting CVar [[r.RenderTargetPoolMin:400]]
[2020.11.25-11.10.53:718][  0]LogConfig: Setting CVar [[r.LensFlareQuality:2]]
[2020.11.25-11.10.53:718][  0]LogConfig: Setting CVar [[r.SceneColorFringeQuality:1]]
[2020.11.25-11.10.53:718][  0]LogConfig: Setting CVar [[r.EyeAdaptationQuality:2]]
[2020.11.25-11.10.53:718][  0]LogConfig: Setting CVar [[r.BloomQuality:5]]
[2020.11.25-11.10.53:718][  0]LogConfig: Setting CVar [[r.FastBlurThreshold:100]]
[2020.11.25-11.10.53:718][  0]LogConfig: Setting CVar [[r.Upscale.Quality:3]]
[2020.11.25-11.10.53:718][  0]LogConfig: Setting CVar [[r.Tonemapper.GrainQuantization:1]]
[2020.11.25-11.10.53:718][  0]LogConfig: Setting CVar [[r.LightShaftQuality:1]]
[2020.11.25-11.10.53:718][  0]LogConfig: Setting CVar [[r.Filter.SizeScale:1]]
[2020.11.25-11.10.53:718][  0]LogConfig: Setting CVar [[r.Tonemapper.Quality:5]]
[2020.11.25-11.10.53:718][  0]LogConfig: Setting CVar [[r.DOF.Gather.AccumulatorQuality:1        ; higher gathering accumulator quality]]
[2020.11.25-11.10.53:718][  0]LogConfig: Setting CVar [[r.DOF.Gather.PostfilterMethod:1          ; Median3x3 postfilering method]]
[2020.11.25-11.10.53:718][  0]LogConfig: Setting CVar [[r.DOF.Gather.EnableBokehSettings:0       ; no bokeh simulation when gathering]]
[2020.11.25-11.10.53:718][  0]LogConfig: Setting CVar [[r.DOF.Gather.RingCount:4                 ; medium number of samples when gathering]]
[2020.11.25-11.10.53:718][  0]LogConfig: Setting CVar [[r.DOF.Scatter.ForegroundCompositing:1    ; additive foreground scattering]]
[2020.11.25-11.10.53:718][  0]LogConfig: Setting CVar [[r.DOF.Scatter.BackgroundCompositing:2    ; additive background scattering]]
[2020.11.25-11.10.53:718][  0]LogConfig: Setting CVar [[r.DOF.Scatter.EnableBokehSettings:1      ; bokeh simulation when scattering]]
[2020.11.25-11.10.53:718][  0]LogConfig: Setting CVar [[r.DOF.Scatter.MaxSpriteRatio:0.1         ; only a maximum of 10% of scattered bokeh]]
[2020.11.25-11.10.53:718][  0]LogConfig: Setting CVar [[r.DOF.Recombine.Quality:1                ; cheap slight out of focus]]
[2020.11.25-11.10.53:718][  0]LogConfig: Setting CVar [[r.DOF.Recombine.EnableBokehSettings:0    ; no bokeh simulation on slight out of focus]]
[2020.11.25-11.10.53:718][  0]LogConfig: Setting CVar [[r.DOF.TemporalAAQuality:1                ; more stable temporal accumulation]]
[2020.11.25-11.10.53:718][  0]LogConfig: Setting CVar [[r.DOF.Kernel.MaxForegroundRadius:0.025]]
[2020.11.25-11.10.53:718][  0]LogConfig: Setting CVar [[r.DOF.Kernel.MaxBackgroundRadius:0.025]]
[2020.11.25-11.10.53:718][  0]LogConfig: Applying CVar settings from Section [TextureQuality@3] File [P:/unreal/Minor/MiSkiPro/Prototype1/Saved/Config/Windows/Scalability.ini]
[2020.11.25-11.10.53:718][  0]LogConfig: Setting CVar [[r.Streaming.MipBias:0]]
[2020.11.25-11.10.53:718][  0]LogConfig: Setting CVar [[r.Streaming.AmortizeCPUToGPUCopy:0]]
[2020.11.25-11.10.53:718][  0]LogConfig: Setting CVar [[r.Streaming.MaxNumTexturesToStreamPerFrame:0]]
[2020.11.25-11.10.53:718][  0]LogConfig: Setting CVar [[r.Streaming.Boost:1]]
[2020.11.25-11.10.53:718][  0]LogConfig: Setting CVar [[r.MaxAnisotropy:8]]
[2020.11.25-11.10.53:718][  0]LogConfig: Setting CVar [[r.VT.MaxAnisotropy:8]]
[2020.11.25-11.10.53:718][  0]LogConfig: Setting CVar [[r.Streaming.LimitPoolSizeToVRAM:0]]
[2020.11.25-11.10.53:718][  0]LogConfig: Setting CVar [[r.Streaming.PoolSize:1000]]
[2020.11.25-11.10.53:718][  0]LogConfig: Setting CVar [[r.Streaming.MaxEffectiveScreenSize:0]]
[2020.11.25-11.10.53:718][  0]LogConfig: Applying CVar settings from Section [EffectsQuality@3] File [P:/unreal/Minor/MiSkiPro/Prototype1/Saved/Config/Windows/Scalability.ini]
[2020.11.25-11.10.53:718][  0]LogConfig: Setting CVar [[r.TranslucencyLightingVolumeDim:64]]
[2020.11.25-11.10.53:718][  0]LogConfig: Setting CVar [[r.RefractionQuality:2]]
[2020.11.25-11.10.53:718][  0]LogConfig: Setting CVar [[r.SSR.Quality:3]]
[2020.11.25-11.10.53:718][  0]LogConfig: Setting CVar [[r.SSR.HalfResSceneColor:0]]
[2020.11.25-11.10.53:718][  0]LogConfig: Setting CVar [[r.SceneColorFormat:4]]
[2020.11.25-11.10.53:718][  0]LogConfig: Setting CVar [[r.DetailMode:2]]
[2020.11.25-11.10.53:718][  0]LogConfig: Setting CVar [[r.TranslucencyVolumeBlur:1]]
[2020.11.25-11.10.53:719][  0]LogConfig: Setting CVar [[r.MaterialQualityLevel:1 ; High quality]]
[2020.11.25-11.10.53:719][  0]LogConfig: Setting CVar [[r.SSS.Scale:1]]
[2020.11.25-11.10.53:719][  0]LogConfig: Setting CVar [[r.SSS.SampleSet:2]]
[2020.11.25-11.10.53:719][  0]LogConfig: Setting CVar [[r.SSS.Quality:1]]
[2020.11.25-11.10.53:719][  0]LogConfig: Setting CVar [[r.SSS.HalfRes:0]]
[2020.11.25-11.10.53:719][  0]LogConfig: Setting CVar [[r.SSGI.Quality:3]]
[2020.11.25-11.10.53:719][  0]LogConfig: Setting CVar [[r.EmitterSpawnRateScale:1.0]]
[2020.11.25-11.10.53:719][  0]LogConfig: Setting CVar [[r.ParticleLightQuality:2]]
[2020.11.25-11.10.53:719][  0]LogConfig: Setting CVar [[r.SkyAtmosphere.AerialPerspectiveLUT.FastApplyOnOpaque:1 ; Always have FastSkyLUT 1 in this case to avoid wrong sky]]
[2020.11.25-11.10.53:719][  0]LogConfig: Setting CVar [[r.SkyAtmosphere.AerialPerspectiveLUT.SampleCountPerSlice:1]]
[2020.11.25-11.10.53:719][  0]LogConfig: Setting CVar [[r.SkyAtmosphere.AerialPerspectiveLUT.DepthResolution:16.0]]
[2020.11.25-11.10.53:719][  0]LogConfig: Setting CVar [[r.SkyAtmosphere.FastSkyLUT:1]]
[2020.11.25-11.10.53:719][  0]LogConfig: Setting CVar [[r.SkyAtmosphere.FastSkyLUT.SampleCountMin:4.0]]
[2020.11.25-11.10.53:719][  0]LogConfig: Setting CVar [[r.SkyAtmosphere.FastSkyLUT.SampleCountMax:32.0]]
[2020.11.25-11.10.53:719][  0]LogConfig: Setting CVar [[r.SkyAtmosphere.SampleCountMin:4.0]]
[2020.11.25-11.10.53:719][  0]LogConfig: Setting CVar [[r.SkyAtmosphere.SampleCountMax:32.0]]
[2020.11.25-11.10.53:719][  0]LogConfig: Setting CVar [[r.SkyAtmosphere.TransmittanceLUT.UseSmallFormat:0]]
[2020.11.25-11.10.53:719][  0]LogConfig: Setting CVar [[r.SkyAtmosphere.TransmittanceLUT.SampleCount:10.0]]
[2020.11.25-11.10.53:719][  0]LogConfig: Setting CVar [[r.SkyAtmosphere.MultiScatteringLUT.SampleCount:15.0]]
[2020.11.25-11.10.53:719][  0]LogConfig: Applying CVar settings from Section [FoliageQuality@3] File [P:/unreal/Minor/MiSkiPro/Prototype1/Saved/Config/Windows/Scalability.ini]
[2020.11.25-11.10.53:719][  0]LogConfig: Setting CVar [[foliage.DensityScale:1.0]]
[2020.11.25-11.10.53:719][  0]LogConfig: Setting CVar [[grass.DensityScale:1.0]]
[2020.11.25-11.10.53:719][  0]LogConfig: Applying CVar settings from Section [ShadingQuality@3] File [P:/unreal/Minor/MiSkiPro/Prototype1/Saved/Config/Windows/Scalability.ini]
[2020.11.25-11.10.53:719][  0]LogConfig: Setting CVar [[r.HairStrands.SkyLighting.SampleCount:16]]
[2020.11.25-11.10.53:719][  0]LogConfig: Setting CVar [[r.HairStrands.SkyLighting.JitterIntegration:0]]
[2020.11.25-11.10.53:719][  0]LogConfig: Setting CVar [[r.HairStrands.SkyAO.SampleCount:16]]
[2020.11.25-11.10.53:719][  0]LogConfig: Setting CVar [[r.HairStrands.DeepShadow.SuperSampling:0]]
[2020.11.25-11.10.53:719][  0]LogConfig: Setting CVar [[r.HairStrands.VisibilityPPLL:0]]
[2020.11.25-11.10.53:719][  0]LogConfig: Setting CVar [[r.HairStrands.RasterizationScale:0.5]]
[2020.11.25-11.10.53:719][  0]LogConfig: Setting CVar [[r.HairStrands.VelocityRasterizationScale:1]]
[2020.11.25-11.10.53:719][  0]LogConfig: Applying CVar settings from Section [Startup] File [../../../Engine/Config/ConsoleVariables.ini]
[2020.11.25-11.10.53:719][  0]LogConfig: Setting CVar [[net.UseAdaptiveNetUpdateFrequency:0]]
[2020.11.25-11.10.53:719][  0]LogConfig: Setting CVar [[p.chaos.AllowCreatePhysxBodies:1]]
[2020.11.25-11.10.53:719][  0]LogConfig: Setting CVar [[fx.SkipVectorVMBackendOptimizations:1]]
[2020.11.25-11.10.53:719][  0]LogConfig: Applying CVar settings from Section [ConsoleVariables] File [P:/unreal/Minor/MiSkiPro/Prototype1/Saved/Config/Windows/Engine.ini]
[2020.11.25-11.10.53:719][  0]LogInit: Computer: DESKTOP-5T8TGO1
[2020.11.25-11.10.53:719][  0]LogInit: User: MikeStralendorff
[2020.11.25-11.10.53:719][  0]LogInit: CPU Page size=4096, Cores=4
[2020.11.25-11.10.53:719][  0]LogInit: High frequency timer resolution =3.914066 MHz
[2020.11.25-11.10.53:720][  0]LogMemory: Memory total: Physical=31.9GB (32GB approx)
[2020.11.25-11.10.53:720][  0]LogMemory: Platform Memory Stats for Windows
[2020.11.25-11.10.53:720][  0]LogMemory: Process Physical Memory: 115.86 MB used, 115.86 MB peak
[2020.11.25-11.10.53:720][  0]LogMemory: Process Virtual Memory: 106.16 MB used, 106.16 MB peak
[2020.11.25-11.10.53:720][  0]LogMemory: Physical Memory: 11306.62 MB used,  21400.53 MB free, 32707.15 MB total
[2020.11.25-11.10.53:720][  0]LogMemory: Virtual Memory: 5143.41 MB used,  134212584.00 MB free, 134217728.00 MB total
[2020.11.25-11.10.53:725][  0]LogWindows: WindowsPlatformFeatures enabled
[2020.11.25-11.10.53:762][  0]LogInit: Physics initialised using underlying interface: PhysX
[2020.11.25-11.10.53:763][  0]LogInit: Using OS detected language (en-GB).
[2020.11.25-11.10.53:763][  0]LogInit: Using OS detected locale (en-GB).
[2020.11.25-11.10.53:765][  0]LogTextLocalizationManager: No specific localization for 'en-GB' exists, so the 'en' localization will be used.
[2020.11.25-11.10.53:956][  0]LogInit: Setting process to per monitor DPI aware
[2020.11.25-11.10.54:005][  0]LogSlate: New Slate User Created.  User Index 0, Is Virtual User: 0
[2020.11.25-11.10.54:005][  0]LogSlate: Slate User Registered.  User Index 0, Is Virtual User: 0
[2020.11.25-11.10.54:176][  0]LogHMD: Failed to initialize OpenVR with code 110
[2020.11.25-11.10.54:177][  0]LogD3D11RHI: D3D11 min allowed feature level: 11_0
[2020.11.25-11.10.54:177][  0]LogD3D11RHI: D3D11 max allowed feature level: 11_0
[2020.11.25-11.10.54:177][  0]LogD3D11RHI: D3D11 adapters:
[2020.11.25-11.10.54:245][  0]LogD3D11RHI:    0. 'NVIDIA GeForce GTX 1070' (Feature Level 11_0)
[2020.11.25-11.10.54:245][  0]LogD3D11RHI:       8088/0/16353 MB DedicatedVideo/DedicatedSystem/SharedSystem, Outputs:3, VendorId:0x10de
[2020.11.25-11.10.54:247][  0]LogD3D11RHI:    1. 'Microsoft Basic Render Driver' (Feature Level 11_0)
[2020.11.25-11.10.54:247][  0]LogD3D11RHI:       0/0/16353 MB DedicatedVideo/DedicatedSystem/SharedSystem, Outputs:0, VendorId:0x1414
[2020.11.25-11.10.54:248][  0]LogD3D11RHI: Chosen D3D11 Adapter: 0
[2020.11.25-11.10.54:257][  0]LogD3D11RHI: Creating new Direct3DDevice
[2020.11.25-11.10.54:257][  0]LogD3D11RHI:     GPU DeviceId: 0x1b81 (for the marketing name, search the web for "GPU Device Id")
[2020.11.25-11.10.54:257][  0]LogWindows: EnumDisplayDevices:
[2020.11.25-11.10.54:258][  0]LogWindows:    0. 'NVIDIA GeForce GTX 1070' (P:1 D:1)
[2020.11.25-11.10.54:258][  0]LogWindows:    1. 'NVIDIA GeForce GTX 1070' (P:0 D:1)
[2020.11.25-11.10.54:258][  0]LogWindows:    2. 'NVIDIA GeForce GTX 1070' (P:0 D:1)
[2020.11.25-11.10.54:259][  0]LogWindows:    3. 'NVIDIA GeForce GTX 1070' (P:0 D:0)
[2020.11.25-11.10.54:259][  0]LogWindows: DebugString: FoundDriverCount:4 
[2020.11.25-11.10.54:259][  0]LogD3D11RHI:     Adapter Name: NVIDIA GeForce GTX 1070
[2020.11.25-11.10.54:259][  0]LogD3D11RHI:   Driver Version: 445.87 (internal:26.21.14.4587, unified:445.87)
[2020.11.25-11.10.54:259][  0]LogD3D11RHI:      Driver Date: 4-3-2020
[2020.11.25-11.10.54:259][  0]LogRHI: Texture pool is 5661 MB (70% of 8088 MB)
[2020.11.25-11.10.54:303][  0]LogD3D11RHI: RHI has support for 64 bit atomics
[2020.11.25-11.10.54:305][  0]LogD3D11RHI: [Aftermath] Enabled and primed
[2020.11.25-11.10.54:306][  0]LogD3D11RHI: Async texture creation enabled
[2020.11.25-11.10.54:306][  0]LogD3D11RHI: Array index from any shader is supported
[2020.11.25-11.10.54:335][  0]LogD3D11RHI: GPU Timing Frequency: 1000.000000 (Debug: 2 1)
[2020.11.25-11.10.54:798][  0]LogTargetPlatformManager: Display: Loaded TargetPlatform 'AllDesktop'
[2020.11.25-11.10.54:818][  0]LogTargetPlatformManager: Display: Loaded TargetPlatform 'Android'
[2020.11.25-11.10.54:818][  0]LogTargetPlatformManager: Display: Loaded TargetPlatform 'Android_ASTC'
[2020.11.25-11.10.54:818][  0]LogTargetPlatformManager: Display: Loaded TargetPlatform 'Android_DXT'
[2020.11.25-11.10.54:818][  0]LogTargetPlatformManager: Display: Loaded TargetPlatform 'Android_ETC2'
[2020.11.25-11.10.54:818][  0]LogTargetPlatformManager: Display: Loaded TargetPlatform 'AndroidClient'
[2020.11.25-11.10.54:818][  0]LogTargetPlatformManager: Display: Loaded TargetPlatform 'Android_ASTCClient'
[2020.11.25-11.10.54:818][  0]LogTargetPlatformManager: Display: Loaded TargetPlatform 'Android_DXTClient'
[2020.11.25-11.10.54:818][  0]LogTargetPlatformManager: Display: Loaded TargetPlatform 'Android_ETC2Client'
[2020.11.25-11.10.54:818][  0]LogTargetPlatformManager: Display: Loaded TargetPlatform 'Android_Multi'
[2020.11.25-11.10.54:818][  0]LogTargetPlatformManager: Display: Loaded TargetPlatform 'Android_MultiClient'
[2020.11.25-11.10.54:839][  0]LogTargetPlatformManager: Display: Loaded TargetPlatform 'IOSClient'
[2020.11.25-11.10.54:839][  0]LogTargetPlatformManager: Display: Loaded TargetPlatform 'IOS'
[2020.11.25-11.10.54:849][  0]LogTargetPlatformManager: Display: Loaded TargetPlatform 'Linux'
[2020.11.25-11.10.54:859][  0]LogTargetPlatformManager: Display: Loaded TargetPlatform 'LinuxNoEditor'
[2020.11.25-11.10.54:867][  0]LogTargetPlatformManager: Display: Loaded TargetPlatform 'LinuxClient'
[2020.11.25-11.10.54:876][  0]LogTargetPlatformManager: Display: Loaded TargetPlatform 'LinuxServer'
[2020.11.25-11.10.54:884][  0]LogTargetPlatformManager: Display: Loaded TargetPlatform 'LinuxAArch64NoEditor'
[2020.11.25-11.10.54:893][  0]LogTargetPlatformManager: Display: Loaded TargetPlatform 'LinuxAArch64Client'
[2020.11.25-11.10.54:901][  0]LogTargetPlatformManager: Display: Loaded TargetPlatform 'LinuxAArch64Server'
[2020.11.25-11.10.54:922][  0]LogTargetPlatformManager: Display: Loaded TargetPlatform 'Lumin'
[2020.11.25-11.10.54:922][  0]LogTargetPlatformManager: Display: Loaded TargetPlatform 'LuminClient'
[2020.11.25-11.10.54:935][  0]LogTargetPlatformManager: Display: Loaded TargetPlatform 'TVOSClient'
[2020.11.25-11.10.54:935][  0]LogTargetPlatformManager: Display: Loaded TargetPlatform 'TVOS'
[2020.11.25-11.10.54:944][  0]LogTargetPlatformManager: Display: Loaded TargetPlatform 'WindowsNoEditor'
[2020.11.25-11.10.54:952][  0]LogTargetPlatformManager: Display: Loaded TargetPlatform 'Windows'
[2020.11.25-11.10.54:961][  0]LogTargetPlatformManager: Display: Loaded TargetPlatform 'WindowsClient'
[2020.11.25-11.10.54:969][  0]LogTargetPlatformManager: Display: Loaded TargetPlatform 'WindowsServer'
[2020.11.25-11.10.54:969][  0]LogTargetPlatformManager: Display: Building Assets For Windows
[2020.11.25-11.10.54:977][  0]LogAudioDebug: Display: Lib vorbis DLL was dynamically loaded.
[2020.11.25-11.10.55:035][  0]LogShaderCompilers: Guid format shader working directory is 4 characters bigger than the processId version (../../../../../../../unreal/Minor/MiSkiPro/Prototype1/Intermediate/Shaders/WorkingDirectory/12404/).
[2020.11.25-11.10.55:035][  0]LogShaderCompilers: Cleaned the shader compiler working directory 'C:/Users/Mike.Stralendorff/AppData/Local/Temp/UnrealShaderWorkingDir/ECCB0A254DEEFD4CC9DCE0A0A8E04DAD/'.
[2020.11.25-11.10.55:036][  0]LogXGEController: Cannot use XGE Controller as Incredibuild is not installed on this machine.
[2020.11.25-11.10.55:036][  0]LogShaderCompilers: Cannot use XGE Shader Compiler as Incredibuild is not installed on this machine.
[2020.11.25-11.10.55:036][  0]LogShaderCompilers: Display: Using Local Shader Compiler.
[2020.11.25-11.10.55:730][  0]LogDerivedDataCache: Display: Max Cache Size: 512 MB
[2020.11.25-11.10.55:781][  0]LogDerivedDataCache: Loaded boot cache 0.05s 76MB C:/Users/Mike.Stralendorff/AppData/Local/UnrealEngine/4.25/DerivedDataCache/Boot.ddc.
[2020.11.25-11.10.55:781][  0]LogDerivedDataCache: Display: Loaded Boot cache: C:/Users/Mike.Stralendorff/AppData/Local/UnrealEngine/4.25/DerivedDataCache/Boot.ddc
[2020.11.25-11.10.55:781][  0]LogDerivedDataCache: FDerivedDataBackendGraph:  Pak pak cache file ../../../../../../../unreal/Minor/MiSkiPro/Prototype1/DerivedDataCache/DDC.ddp not found, will not use a pak cache.
[2020.11.25-11.10.55:781][  0]LogDerivedDataCache: Unable to find inner node Pak for hierarchical cache Hierarchy.
[2020.11.25-11.10.55:781][  0]LogDerivedDataCache: FDerivedDataBackendGraph:  CompressedPak pak cache file ../../../../../../../unreal/Minor/MiSkiPro/Prototype1/DerivedDataCache/Compressed.ddp not found, will not use a pak cache.
[2020.11.25-11.10.55:781][  0]LogDerivedDataCache: Unable to find inner node CompressedPak for hierarchical cache Hierarchy.
[2020.11.25-11.10.55:791][  0]LogDerivedDataCache: Display: Pak cache opened for reading ../../../Engine/DerivedDataCache/Compressed.ddp.
[2020.11.25-11.10.55:791][  0]LogDerivedDataCache: FDerivedDataBackendGraph:  EnterprisePak pak cache file ../../../Enterprise/DerivedDataCache/Compressed.ddp not found, will not use a pak cache.
[2020.11.25-11.10.55:791][  0]LogDerivedDataCache: Unable to find inner node EnterprisePak for hierarchical cache Hierarchy.
[2020.11.25-11.10.55:793][  0]LogDerivedDataCache: Using Local data cache path C:/Users/Mike.Stralendorff/AppData/Local/UnrealEngine/Common/DerivedDataCache: Writable
[2020.11.25-11.10.55:793][  0]LogDerivedDataCache: Shared data cache path not found in *engine.ini, will not use an Shared cache.
[2020.11.25-11.10.55:793][  0]LogDerivedDataCache: Unable to find inner node Shared for hierarchical cache Hierarchy.
[2020.11.25-11.10.55:840][  0]LogSlate: Using FreeType 2.10.0
[2020.11.25-11.10.55:841][  0]LogSlate: SlateFontServices - WITH_FREETYPE: 1, WITH_HARFBUZZ: 1
[2020.11.25-11.10.55:864][  0]LogAssetRegistry: FAssetRegistry took 0.0022 seconds to start up
[2020.11.25-11.10.56:093][  0]LogInit: Selected Device Profile: [Windows]
[2020.11.25-11.10.56:198][  0]LogMeshReduction: Using QuadricMeshReduction for automatic static mesh reduction
[2020.11.25-11.10.56:198][  0]LogMeshReduction: Using SimplygonMeshReduction for automatic skeletal mesh reduction
[2020.11.25-11.10.56:198][  0]LogMeshReduction: Using ProxyLODMeshReduction for automatic mesh merging
[2020.11.25-11.10.56:198][  0]LogMeshReduction: No distributed automatic mesh merging module available
[2020.11.25-11.10.56:198][  0]LogMeshMerging: No distributed automatic mesh merging module available
[2020.11.25-11.10.56:225][  0]LogNetVersion: Prototype1 1.0.0, NetCL: 13144385, EngineNetVer: 14, GameNetVer: 0 (Checksum: 1503885232)
[2020.11.25-11.10.56:649][  0]LogAISub: UAISubsystem::UAISubsystem AISubsystem (0000025C103C4200), frame # 0
[2020.11.25-11.10.56:649][  0]LogAISub: UAISubsystem::UAISubsystem AIPerceptionSystem (0000025C10334400), frame # 0
[2020.11.25-11.10.56:650][  0]LogAISub: UAISubsystem::UAISubsystem EnvQueryManager (0000025C10361E00), frame # 0
[2020.11.25-11.10.56:713][  0]LogPackageLocalizationCache: Processed 19 localized package path(s) for 1 prioritized culture(s) in 0.057818 seconds
[2020.11.25-11.10.56:718][  0]LogUObjectArray: 15921 objects as part of root set at end of initial load.
[2020.11.25-11.10.56:718][  0]LogUObjectAllocator: 3966832 out of 0 bytes used by permanent object pool.
[2020.11.25-11.10.56:718][  0]LogUObjectArray: CloseDisregardForGC: 0/0 objects in disregard for GC pool
[2020.11.25-11.10.57:042][  0]LogTcpMessaging: Initializing TcpMessaging bridge
[2020.11.25-11.10.57:048][  0]LogUdpMessaging: Initializing bridge on interface 0.0.0.0:0 to multicast group 230.0.0.1:6666.
[2020.11.25-11.10.57:123][  0]SourceControl: Source control is disabled
[2020.11.25-11.10.57:123][  0]SourceControl: Source control is disabled
[2020.11.25-11.10.57:126][  0]SourceControl: Source control is disabled
[2020.11.25-11.10.57:129][  0]SourceControl: Source control is disabled
[2020.11.25-11.10.57:139][  0]SourceControl: Source control is disabled
[2020.11.25-11.10.57:381][  0]LogAndroidPermission: UAndroidPermissionCallbackProxy::GetInstance
[2020.11.25-11.10.57:402][  0]LogAudioCaptureCore: Display: No Audio Capture implementations found. Audio input will be silent.
[2020.11.25-11.10.57:402][  0]LogAudioCaptureCore: Display: No Audio Capture implementations found. Audio input will be silent.
[2020.11.25-11.10.57:450][  0]LogOcInput: OculusInput pre-init called
[2020.11.25-11.10.57:459][  0]LogWindows: Failed to load 'OVRPlugin.dll' (GetLastError=126)
[2020.11.25-11.10.57:459][  0]LogWindows: File 'OVRPlugin.dll' does not exist
[2020.11.25-11.10.57:516][  0]LogEngine: Initializing Engine...
[2020.11.25-11.10.57:518][  0]LogHMD: Failed to initialize OpenVR with code 110
[2020.11.25-11.10.57:518][  0]LogMagicLeap: Warning: VR disabled because ZI is not enabled.  To enable, in the editor, Edit -> Project Settings -> Plugins -> Magic Leap Plugin -> Enable Zero Iteration
[2020.11.25-11.10.57:519][  0]LogStats: UGameplayTagsManager::InitializeManager -  0.000 s
[2020.11.25-11.10.57:634][  0]LogInit: Initializing FReadOnlyCVARCache
[2020.11.25-11.10.57:643][  0]LogAIModule: Creating AISystem for world Untitled
[2020.11.25-11.10.57:643][  0]LogAISub: UAISubsystem::UAISubsystem EnvQueryManager (0000025C13317C00), frame # 0
[2020.11.25-11.10.57:643][  0]LogAISub: UAISubsystem::UAISubsystem AIPerceptionSystem (0000025C133D1580), frame # 0
[2020.11.25-11.10.57:667][  0]LogAudioMixer: Display: Audio Mixer Platform Settings:
[2020.11.25-11.10.57:667][  0]LogAudioMixer: Display: 	Sample Rate:						  48000
[2020.11.25-11.10.57:667][  0]LogAudioMixer: Display: 	Callback Buffer Frame Size Requested: 1024
[2020.11.25-11.10.57:667][  0]LogAudioMixer: Display: 	Callback Buffer Frame Size To Use:	  1024
[2020.11.25-11.10.57:667][  0]LogAudioMixer: Display: 	Number of buffers to queue:			  2
[2020.11.25-11.10.57:667][  0]LogAudioMixer: Display: 	Max Channels (voices):				  32
[2020.11.25-11.10.57:667][  0]LogAudioMixer: Display: 	Number of Async Source Workers:		  0
[2020.11.25-11.10.57:667][  0]LogAudio: Display: AudioDevice MaxSources: 32
[2020.11.25-11.10.57:667][  0]LogAudio: Display: Using built-in audio occlusion.
[2020.11.25-11.10.57:667][  0]LogAudioMixer: Display: Initializing audio mixer.
[2020.11.25-11.10.57:683][  0]LogAudioMixer: Display: 0: FrontLeft
[2020.11.25-11.10.57:683][  0]LogAudioMixer: Display: 1: FrontRight
[2020.11.25-11.10.57:721][  0]LogAudioMixer: Display: Using Audio Device Headset Earphone (HyperX 7.1 Audio)
[2020.11.25-11.10.57:725][  0]LogAudioMixer: Display: Initializing Sound Submixes...
[2020.11.25-11.10.57:727][  0]LogAudioMixer: Display: Creating Master Submix 'MasterSubmixDefault'
[2020.11.25-11.10.57:727][  0]LogAudioMixer: Display: Creating Master Submix 'MasterReverbSubmixDefault'
[2020.11.25-11.10.57:728][  0]LogAudioMixer: Display: Creating Master Submix 'MasterEQSubmixDefault'
[2020.11.25-11.10.57:729][  0]LogInit: FAudioDevice initialized.
[2020.11.25-11.10.57:729][  0]LogNetVersion: Set ProjectVersion to 1.0.0.0. Version Checksum will be recalculated on next use.
[2020.11.25-11.10.57:846][  0]LogDerivedDataCache: Saved boot cache 0.12s 76MB C:/Users/Mike.Stralendorff/AppData/Local/UnrealEngine/4.25/DerivedDataCache/Boot.ddc.
[2020.11.25-11.10.57:853][  0]LogInit: Texture streaming: Enabled
[2020.11.25-11.10.57:870][  0]LogEngineSessionManager: EngineSessionManager initialized
[2020.11.25-11.10.57:870][  0]LogEditorSessionSummary: Verbose: Initializing EditorSessionSummaryWriter for editor session tracking
[2020.11.25-11.10.57:873][  0]LogEditorSessionSummary: EditorSessionSummaryWriter initialized
[2020.11.25-11.10.57:936][  0]LogInit: Transaction tracking system initialized
[2020.11.25-11.10.57:957][  0]BlueprintLog: New page: Editor Load
[2020.11.25-11.10.58:024][  0]LocalizationService: Localization service is disabled
[2020.11.25-11.10.58:181][  0]LogAutoReimportManager: Warning: Unable to watch directory ../../../../../../../unreal/Minor/MiSkiPro/Prototype1/Content/ as it will conflict with another watching ../../../../../../../unreal/Minor/MiSkiPro/Prototype1/Content/.
[2020.11.25-11.10.58:184][  0]LogCook: Display: Max memory allowance for cook 16384mb min free memory 0mb
[2020.11.25-11.10.58:184][  0]LogCook: Display: Mobile HDR setting 1
[2020.11.25-11.10.58:330][  0]LogFileCache: Scanning file cache for directory 'P:/unreal/Minor/MiSkiPro/Prototype1/Content/' took 0.01s
[2020.11.25-11.10.58:534][  0]SourceControl: Source control is disabled
[2020.11.25-11.10.58:534][  0]LogUnrealEdMisc: Loading editor; pre map load, took 6.665
[2020.11.25-11.10.58:534][  0]Cmd: MAP LOAD FILE="../../../../../../../unreal/Minor/MiSkiPro/Prototype1/Content/ThirdPersonBP/Maps/ThirdPersonExampleMap.umap" TEMPLATE=0 SHOWPROGRESS=1 FEATURELEVEL=3
[2020.11.25-11.10.58:534][  0]LogEditorServer: Warning: Can't find file '../../../../../../../unreal/Minor/MiSkiPro/Prototype1/Content/ThirdPersonBP/Maps/ThirdPersonExampleMap.umap'
[2020.11.25-11.10.58:534][  0]Cmd: MAP CHECKDEP NOCLEARLOG
[2020.11.25-11.10.58:534][  0]MapCheck: Map check complete: 0 Error(s), 0 Warning(s), took 0.114ms to complete.
[2020.11.25-11.10.58:534][  0]LogFileHelpers: Loading map 'ThirdPersonExampleMap' took 0.000
[2020.11.25-11.10.58:536][  0]LogUnrealEdMisc: Total Editor Startup Time, took 6.668
[2020.11.25-11.10.58:680][  0]LogSlate: Updating window title bar state: overlay mode, drag disabled, window buttons hidden, title bar hidden
[2020.11.25-11.10.58:690][  0]LogSlate: Updating window title bar state: overlay mode, drag disabled, window buttons hidden, title bar hidden
[2020.11.25-11.10.58:700][  0]LogSlate: Updating window title bar state: overlay mode, drag disabled, window buttons hidden, title bar hidden
[2020.11.25-11.10.58:708][  0]LogSlate: Updating window title bar state: overlay mode, drag disabled, window buttons hidden, title bar hidden
[2020.11.25-11.10.58:718][  0]LogCollectionManager: Loaded 0 collections in 0.000890 seconds
[2020.11.25-11.10.58:748][  0]LogFileCache: Scanning file cache for directory 'P:/unreal/Minor/MiSkiPro/Prototype1/Saved/Collections/' took 0.00s
[2020.11.25-11.10.58:748][  0]LogFileCache: Scanning file cache for directory 'P:/unreal/Minor/MiSkiPro/Prototype1/Content/Developers/MikeStralendorff/Collections/' took 0.00s
[2020.11.25-11.10.58:748][  0]LogFileCache: Scanning file cache for directory 'P:/unreal/Minor/MiSkiPro/Prototype1/Content/Collections/' took 0.00s
[2020.11.25-11.10.58:748][  0]LogContentBrowser: Native class hierarchy populated in 0.0085 seconds. Added 3427 classes and 821 folders.
[2020.11.25-11.10.58:756][  0]LogContentBrowser: Native class hierarchy updated for 'WidgetCarousel' in 0.0002 seconds. Added 0 classes and 0 folders.
[2020.11.25-11.10.58:883][  0]LogContentBrowser: Native class hierarchy updated for 'AddContentDialog' in 0.0003 seconds. Added 0 classes and 0 folders.
[2020.11.25-11.10.58:891][  0]LogContentBrowser: Native class hierarchy updated for 'SceneOutliner' in 0.0003 seconds. Added 2 classes and 0 folders.
[2020.11.25-11.10.58:913][  0]LogContentBrowser: Native class hierarchy updated for 'WorldBrowser' in 0.0003 seconds. Added 2 classes and 3 folders.
[2020.11.25-11.10.58:991][  0]LogSlate: Took 0.000199 seconds to synchronously load lazily loaded font '../../../Engine/Content/Slate/Fonts/Roboto-Regular.ttf' (155K)
[2020.11.25-11.10.58:995][  0]LogSlate: Took 0.000198 seconds to synchronously load lazily loaded font '../../../Engine/Content/Slate/Fonts/Roboto-Bold.ttf' (160K)
[2020.11.25-11.10.58:998][  0]LogSlate: Took 0.000700 seconds to synchronously load lazily loaded font '../../../Engine/Content/Editor/Slate/Fonts/FontAwesome.ttf' (139K)
[2020.11.25-11.10.59:105][  0]LogRenderer: Reallocating scene render targets to support 1412x576 Format 10 NumSamples 1 (Frame:1).
[2020.11.25-11.10.59:185][  0]LogSlate: Took 0.000973 seconds to synchronously load lazily loaded font '../../../Engine/Content/Slate/Fonts/Roboto-Light.ttf' (167K)
[2020.11.25-11.10.59:332][  0]LogContentBrowser: Native class hierarchy updated for 'HierarchicalLODOutliner' in 0.0004 seconds. Added 0 classes and 0 folders.
[2020.11.25-11.10.59:332][  0]LogLoad: (Engine Initialization) Total time: 7.46 seconds
[2020.11.25-11.10.59:332][  0]LogLoad: (Engine Initialization) Total Blueprint compile time: 0.00 seconds
[2020.11.25-11.10.59:342][  0]LogWindowsTextInputMethodSystem: Display: IME system now deactivated.
[2020.11.25-11.10.59:374][  0]LogAssetRegistry: Asset discovery search completed in 3.5111 seconds
[2020.11.25-11.10.59:377][  0]LogCollectionManager: Fixed up redirectors for 0 collections in 0.000002 seconds (updated 0 objects)
[2020.11.25-11.10.59:379][  0]LogContentStreaming: Texture pool size now 1000 MB
[2020.11.25-11.11.00:384][105]LogSlate: Took 0.000240 seconds to synchronously load lazily loaded font '../../../Engine/Content/Slate/Fonts/Roboto-Light.ttf' (167K)
[2020.11.25-11.11.34:842][653]LogAssetEditorSubsystem: Opening Asset editor for World /Game/Level_Blockout_1.Level_Blockout_1
[2020.11.25-11.11.34:852][653]LogUObjectHash: Compacting FUObjectHashTables data took   0.95ms
[2020.11.25-11.11.34:857][653]Cmd: MAP LOAD FILE="../../../../../../../unreal/Minor/MiSkiPro/Prototype1/Content/Level_Blockout_1.umap" TEMPLATE=0 SHOWPROGRESS=1 FEATURELEVEL=3
[2020.11.25-11.11.34:858][653]LightingResults: New page: Lighting Build
[2020.11.25-11.11.34:859][653]LogContentBrowser: Native class hierarchy updated for 'StatsViewer' in 0.0003 seconds. Added 6 classes and 0 folders.
[2020.11.25-11.11.34:859][653]LoadErrors: New page: Loading map: Level_Blockout_1.umap
[2020.11.25-11.11.34:859][653]LogWorld: UWorld::CleanupWorld for Untitled, bSessionEnded=true, bCleanupResources=true
[2020.11.25-11.11.34:859][653]LogSlate: InvalidateAllWidgets triggered.  All widgets were invalidated
[2020.11.25-11.11.34:860][653]MapCheck: New page: Map Check
[2020.11.25-11.11.34:860][653]LightingResults: New page: Lighting Build
[2020.11.25-11.11.34:868][653]LogAISub: UAISubsystem::~UAISubsystem EnvQueryManager (0000025C13317C00), frame # 2653
[2020.11.25-11.11.34:868][653]LogAISub: UAISubsystem::~UAISubsystem AIPerceptionSystem (0000025C133D1580), frame # 2653
[2020.11.25-11.11.34:869][653]LogUObjectHash: Compacting FUObjectHashTables data took   0.52ms
[2020.11.25-11.11.34:876][653]LogEditorServer: Finished looking for orphan Actors (0.000 secs)
[2020.11.25-11.11.34:876][653]LogAIModule: Creating AISystem for world Level_Blockout_1
[2020.11.25-11.11.34:876][653]LogAISub: UAISubsystem::UAISubsystem EnvQueryManager (0000025C133B8E00), frame # 2653
[2020.11.25-11.11.34:876][653]LogAISub: UAISubsystem::UAISubsystem AIPerceptionSystem (0000025C3629FEC0), frame # 2653
[2020.11.25-11.11.34:888][653]LogUObjectHash: Compacting FUObjectHashTables data took   0.59ms
[2020.11.25-11.11.34:920][653]Cmd: MAP CHECKDEP NOCLEARLOG
[2020.11.25-11.11.34:920][653]MapCheck: Map check complete: 0 Error(s), 0 Warning(s), took 0.108ms to complete.
[2020.11.25-11.11.34:920][653]LogFileHelpers: Loading map 'Level_Blockout_1' took 0.062
[2020.11.25-11.11.57:223][755]LogEditorViewport: Clicking on Actor (LMB): BP_Sky_Sphere_C (Sky Sphere)
[2020.11.25-11.11.58:120][853]LogTemp: Repeating last play command: New Editor Window (PIE)
[2020.11.25-11.11.58:144][853]LogPlayLevel: PlayLevel: No blueprints needed recompiling
[2020.11.25-11.11.58:144][853]PIE: New page: PIE session: Level_Blockout_1 (25 Nov 2020, 13:11:58)
[2020.11.25-11.11.58:145][853]LogOnline: OSS: Creating online subsystem instance for: NULL
[2020.11.25-11.11.58:147][853]LogOnline: OSS: TryLoadSubsystemAndSetDefault: Loaded subsystem for module [NULL]
[2020.11.25-11.11.58:147][853]LogPlayLevel: Creating play world package: /Game/UEDPIE_0_Level_Blockout_1
[2020.11.25-11.11.58:152][853]LogPlayLevel: PIE: StaticDuplicateObject took: (0.004995s)
[2020.11.25-11.11.58:153][853]LogAIModule: Creating AISystem for world Level_Blockout_1
[2020.11.25-11.11.58:153][853]LogAISub: UAISubsystem::UAISubsystem EnvQueryManager (0000025C41313E00), frame # 2853
[2020.11.25-11.11.58:153][853]LogAISub: UAISubsystem::UAISubsystem AIPerceptionSystem (0000025C3627BC40), frame # 2853
[2020.11.25-11.11.58:153][853]LogPlayLevel: PIE: World Init took: (0.001400s)
[2020.11.25-11.11.58:153][853]LogPlayLevel: PIE: Created PIE world by copying editor world from /Game/Level_Blockout_1.Level_Blockout_1 to /Game/UEDPIE_0_Level_Blockout_1.Level_Blockout_1 (0.006797s)
[2020.11.25-11.11.58:161][853]LogUObjectHash: Compacting FUObjectHashTables data took   0.63ms
[2020.11.25-11.11.58:163][853]LogAudioMixer: Display: Audio Mixer Platform Settings:
[2020.11.25-11.11.58:163][853]LogAudioMixer: Display: 	Sample Rate:						  48000
[2020.11.25-11.11.58:163][853]LogAudioMixer: Display: 	Callback Buffer Frame Size Requested: 1024
[2020.11.25-11.11.58:163][853]LogAudioMixer: Display: 	Callback Buffer Frame Size To Use:	  1024
[2020.11.25-11.11.58:163][853]LogAudioMixer: Display: 	Number of buffers to queue:			  2
[2020.11.25-11.11.58:163][853]LogAudioMixer: Display: 	Max Channels (voices):				  32
[2020.11.25-11.11.58:163][853]LogAudioMixer: Display: 	Number of Async Source Workers:		  0
[2020.11.25-11.11.58:163][853]LogAudio: Display: AudioDevice MaxSources: 32
[2020.11.25-11.11.58:164][853]LogAudio: Display: Using built-in audio occlusion.
[2020.11.25-11.11.58:164][853]LogAudioMixer: Display: Initializing audio mixer.
[2020.11.25-11.11.58:170][853]LogAudioMixer: Display: 0: FrontLeft
[2020.11.25-11.11.58:171][853]LogAudioMixer: Display: 1: FrontRight
[2020.11.25-11.11.58:194][853]LogAudioMixer: Display: Using Audio Device Headset Earphone (HyperX 7.1 Audio)
[2020.11.25-11.11.58:194][853]LogAudioMixer: Display: Initializing Sound Submixes...
[2020.11.25-11.11.58:194][853]LogAudioMixer: Display: Creating Master Submix 'MasterSubmixDefault'
[2020.11.25-11.11.58:194][853]LogAudioMixer: Display: Creating Master Submix 'MasterReverbSubmixDefault'
[2020.11.25-11.11.58:195][853]LogAudioMixer: Display: Creating Master Submix 'MasterEQSubmixDefault'
[2020.11.25-11.11.58:206][853]LogInit: FAudioDevice initialized.
[2020.11.25-11.11.58:227][853]LogSlate: Updating window title bar state: overlay mode, drag disabled, window buttons hidden, title bar hidden
[2020.11.25-11.11.58:498][853]LogLoad: Game class is 'ThirdPersonGameMode_C'
[2020.11.25-11.11.58:501][853]LogWorld: Bringing World /Game/UEDPIE_0_Level_Blockout_1.Level_Blockout_1 up for play (max tick rate 0) at 2020.11.25-12.11.58
[2020.11.25-11.11.58:501][853]LogWorld: Bringing up level for play took: 0.001703
[2020.11.25-11.11.58:501][853]LogOnline: OSS: Creating online subsystem instance for: :Context_4
[2020.11.25-11.11.58:508][853]LogContentBrowser: Native class hierarchy updated for 'MovieSceneCapture' in 0.0003 seconds. Added 20 classes and 0 folders.
[2020.11.25-11.11.58:523][853]PIE: Server logged in
[2020.11.25-11.11.58:525][853]PIE: Play in editor total start time 0.384 seconds.
[2020.11.25-11.11.58:639][854]LogRenderer: Reallocating scene render targets to support 1920x1080 Format 10 NumSamples 1 (Frame:1).
[2020.11.25-11.12.00:796][ 71]LogBlueprintUserMessages: [WillOWispCharacter_C_0] You spawned a ball!
[2020.11.25-11.12.00:797][ 71]LogBlueprintUserMessages: [Door_2] The door makes way for the magic ball
[2020.11.25-11.12.03:811][424]LogBlueprintUserMessages: [MagicBall_C_0] Magic Ball left
[2020.11.25-11.12.07:007][530]LogBlueprintUserMessages: [Door_2] The door closes
[2020.11.25-11.12.07:333][531]LogBlueprintUserMessages: [WillOWispCharacter_C_0] You need to aim
[2020.11.25-11.12.12:413][930]LogSlate: Took 0.000758 seconds to synchronously load lazily loaded font '../../../Engine/Content/Slate/Fonts/Roboto-Italic.ttf' (157K)
[2020.11.25-11.13.04:516][ 78]LogSlate: Updating window title bar state: overlay mode, drag disabled, window buttons hidden, title bar hidden
[2020.11.25-11.13.04:516][ 78]LogWorld: BeginTearingDown for /Game/UEDPIE_0_Level_Blockout_1
[2020.11.25-11.13.04:516][ 78]LogSlate: Window 'Prototype1 Preview [NetMode: Standalone] (64-bit/Windows) ' being destroyed
[2020.11.25-11.13.04:525][ 78]LogWorld: UWorld::CleanupWorld for Level_Blockout_1, bSessionEnded=true, bCleanupResources=true
[2020.11.25-11.13.04:526][ 78]LogSlate: InvalidateAllWidgets triggered.  All widgets were invalidated
[2020.11.25-11.13.04:539][ 78]LogPlayLevel: Display: Shutting down PIE online subsystems
[2020.11.25-11.13.04:540][ 78]LogSlate: InvalidateAllWidgets triggered.  All widgets were invalidated
[2020.11.25-11.13.04:592][ 78]LogAISub: UAISubsystem::~UAISubsystem AIPerceptionSystem (0000025C3627BC40), frame # 10078
[2020.11.25-11.13.04:592][ 78]LogAISub: UAISubsystem::~UAISubsystem EnvQueryManager (0000025C41313E00), frame # 10078
[2020.11.25-11.13.04:593][ 78]LogUObjectHash: Compacting FUObjectHashTables data took   0.81ms
[2020.11.25-11.13.04:832][ 79]LogPlayLevel: Display: Destroying online subsystem :Context_4
[2020.11.25-11.13.12:505][643]LogAssetEditorSubsystem: Opening Asset editor for Material /Game/Shaders/Shaders/Whisp_Sight.Whisp_Sight
[2020.11.25-11.13.12:509][643]LogMaterial: Display: Missing cached shader map for material Whisp_Sight, compiling. 
[2020.11.25-11.13.12:847][643]LogMaterial: Display: Missing cached shader map for material Whisp_Sight, compiling. 
[2020.11.25-11.13.12:852][643]LogMaterial: Display: Missing cached shader map for material Whisp_Sight, compiling. 
[2020.11.25-11.13.12:863][643]LogMaterial: Display: Missing cached shader map for material FMatExpressionPreview MaterialExpressionCollectionParameter_0, compiling. 
[2020.11.25-11.13.12:871][643]LogShaderCompilers: Display: Worker (1/5): shaders left to compile 4
[2020.11.25-11.13.12:871][643]LogShaderCompilers: Display: Worker (2/5): shaders left to compile 3
[2020.11.25-11.13.12:871][643]LogShaderCompilers: Display: Worker (3/5): shaders left to compile 2
[2020.11.25-11.13.12:871][643]LogShaderCompilers: Display: Worker (4/5): shaders left to compile 1
[2020.11.25-11.13.12:871][643]LogMaterial: Display: Missing cached shader map for material FMatExpressionPreview MaterialExpressionCollectionParameter_1, compiling. 
[2020.11.25-11.13.12:875][643]LogMaterial: Display: Missing cached shader map for material FMatExpressionPreview MaterialExpressionConstant3Vector_0, compiling. 
[2020.11.25-11.13.12:878][643]LogMaterial: Display: Missing cached shader map for material FMatExpressionPreview MaterialExpressionConstant3Vector_1, compiling. 
[2020.11.25-11.13.12:956][643]LogSlate: Took 0.000224 seconds to synchronously load lazily loaded font '../../../Engine/Content/Slate/Fonts/Roboto-BoldCondensed.ttf' (158K)
[2020.11.25-11.13.14:271][733]LogShaderCompilers: Display: Worker (3/5): shaders left to compile 16
[2020.11.25-11.13.14:582][763]LogShaderCompilers: Display: Worker (4/5): shaders left to compile 15
[2020.11.25-11.13.14:840][788]LogShaderCompilers: Display: Worker (2/5): shaders left to compile 14
[2020.11.25-11.13.15:256][825]LogShaderCompilers: Display: Worker (1/5): shaders left to compile 13
[2020.11.25-11.13.15:273][826]MaterialEditorStats: Base pass shader without light map: 43 instructions
[2020.11.25-11.13.15:273][826]MaterialEditorStats: Base pass vertex shader: 44 instructions
[2020.11.25-11.13.15:273][826]MaterialEditorStats: Texture samplers: 2/16
[2020.11.25-11.13.15:273][826]MaterialEditorStats: Texture Lookups (Est.): VS(0), PS(6)
[2020.11.25-11.13.15:273][826]MaterialEditorStats: User interpolators: 2/4 Scalars (1/4 Vectors) (TexCoords: 2, Custom: 0)
[2020.11.25-11.13.15:283][826]LogSlate: Took 0.000748 seconds to synchronously load lazily loaded font '../../../Engine/Content/Slate/Fonts/DroidSansMono.ttf' (77K)
[2020.11.25-11.13.15:788][854]LogShaderCompilers: Display: Worker (3/5): shaders left to compile 12
[2020.11.25-11.13.15:898][854]LogShaderCompilers: Display: Worker (4/5): shaders left to compile 11
[2020.11.25-11.13.15:927][856]LogShaderCompilers: Display: Worker (2/5): shaders left to compile 10
[2020.11.25-11.13.16:156][875]LogShaderCompilers: Display: Worker (1/5): shaders left to compile 9
[2020.11.25-11.13.16:315][890]LogShaderCompilers: Display: Worker (3/5): shaders left to compile 8
[2020.11.25-11.13.16:907][932]LogShaderCompilers: Display: Worker (4/5): shaders left to compile 7
[2020.11.25-11.13.16:997][938]LogShaderCompilers: Display: Worker (1/5): shaders left to compile 6
[2020.11.25-11.13.17:095][945]LogShaderCompilers: Display: Worker (2/5): shaders left to compile 5
[2020.11.25-11.13.17:125][947]LogShaderCompilers: Display: Worker (3/5): shaders left to compile 4
[2020.11.25-11.13.17:905][994]LogShaderCompilers: Display: Worker (4/5): shaders left to compile 3
[2020.11.25-11.13.17:941][996]LogShaderCompilers: Display: Worker (2/5): shaders left to compile 2
[2020.11.25-11.13.17:985][999]LogShaderCompilers: Display: Worker (3/5): shaders left to compile 1
[2020.11.25-11.25.26:554][577]LogAudioMixer: Display: Audio Buffer Underrun detected.
[2020.11.25-14.16.52:170][658]LogMaterial: Display: Missing cached shader map for material Whisp_Sight, compiling. 
[2020.11.25-14.16.52:217][659]LogShaderCompilers: Display: Worker (1/5): shaders left to compile 4
[2020.11.25-14.16.52:217][659]LogShaderCompilers: Display: Worker (2/5): shaders left to compile 3
[2020.11.25-14.16.52:217][659]LogShaderCompilers: Display: Worker (3/5): shaders left to compile 2
[2020.11.25-14.16.52:217][659]LogShaderCompilers: Display: Worker (4/5): shaders left to compile 1
[2020.11.25-14.16.53:296][735]MaterialEditorStats: Base pass shader without light map: 43 instructions
[2020.11.25-14.16.53:296][735]MaterialEditorStats: Base pass vertex shader: 44 instructions
[2020.11.25-14.16.53:296][735]MaterialEditorStats: Texture samplers: 2/16
[2020.11.25-14.16.53:296][735]MaterialEditorStats: Texture Lookups (Est.): VS(0), PS(6)
[2020.11.25-14.16.53:296][735]MaterialEditorStats: User interpolators: 2/4 Scalars (1/4 Vectors) (TexCoords: 2, Custom: 0)
[2020.11.25-14.16.54:571][869]LogMaterial: Display: Missing cached shader map for material Whisp_Sight, compiling. 
[2020.11.25-14.16.54:589][870]LogShaderCompilers: Display: Worker (1/5): shaders left to compile 4
[2020.11.25-14.16.54:589][870]LogShaderCompilers: Display: Worker (2/5): shaders left to compile 3
[2020.11.25-14.16.54:589][870]LogShaderCompilers: Display: Worker (3/5): shaders left to compile 2
[2020.11.25-14.16.54:589][870]LogShaderCompilers: Display: Worker (4/5): shaders left to compile 1
[2020.11.25-14.17.29:329][630]LogMaterial: Display: Missing cached shader map for material Whisp_Sight, compiling. 
[2020.11.25-14.17.29:333][630]LogShaderCompilers: Display: Worker (1/5): shaders left to compile 4
[2020.11.25-14.17.29:333][630]LogShaderCompilers: Display: Worker (2/5): shaders left to compile 3
[2020.11.25-14.17.29:333][630]LogShaderCompilers: Display: Worker (3/5): shaders left to compile 2
[2020.11.25-14.17.29:333][630]LogShaderCompilers: Display: Worker (4/5): shaders left to compile 1
[2020.11.25-14.17.35:355][285]LogMaterial: Display: Missing cached shader map for material Whisp_Sight, compiling. 
[2020.11.25-14.17.35:358][285]LogShaderCompilers: Display: Worker (1/5): shaders left to compile 4
[2020.11.25-14.17.35:358][285]LogShaderCompilers: Display: Worker (2/5): shaders left to compile 3
[2020.11.25-14.17.35:358][285]LogShaderCompilers: Display: Worker (3/5): shaders left to compile 2
[2020.11.25-14.17.35:358][285]LogShaderCompilers: Display: Worker (4/5): shaders left to compile 1
[2020.11.25-14.17.35:359][285]LogMaterial: Display: Missing cached shader map for material Whisp_Sight, compiling. 
[2020.11.25-14.17.35:712][308]LogShaderCompilers: Display: Worker (3/5): shaders left to compile 4
[2020.11.25-14.17.36:013][327]LogShaderCompilers: Display: Worker (4/5): shaders left to compile 3
[2020.11.25-14.17.36:180][338]LogShaderCompilers: Display: Worker (2/5): shaders left to compile 2
[2020.11.25-14.17.36:275][344]LogShaderCompilers: Display: Worker (1/5): shaders left to compile 1
[2020.11.25-14.17.36:658][371]MaterialEditorStats: Base pass shader without light map: 43 instructions
[2020.11.25-14.17.36:658][371]MaterialEditorStats: Base pass vertex shader: 44 instructions
[2020.11.25-14.17.36:658][371]MaterialEditorStats: Texture samplers: 2/16
[2020.11.25-14.17.36:658][371]MaterialEditorStats: Texture Lookups (Est.): VS(0), PS(6)
[2020.11.25-14.17.36:658][371]MaterialEditorStats: User interpolators: 2/4 Scalars (1/4 Vectors) (TexCoords: 2, Custom: 0)
[2020.11.25-14.20.09:962][ 76]LogSlate: Window 'Project Settings' being destroyed
[2020.11.25-14.20.09:970][ 76]LogSlate: Window 'Project Settings' being destroyed
[2020.11.25-14.20.13:956][468]LogMaterialEditor: Saving and Compiling material Whisp_Sight
[2020.11.25-14.20.14:397][468]LogMaterial: Display: Missing cached shader map for material Whisp_Sight, compiling. 
[2020.11.25-14.20.14:411][468]LogShaderCompilers: Display: Worker (1/5): shaders left to compile 4
[2020.11.25-14.20.14:411][468]LogShaderCompilers: Display: Worker (2/5): shaders left to compile 3
[2020.11.25-14.20.14:411][468]LogShaderCompilers: Display: Worker (3/5): shaders left to compile 2
[2020.11.25-14.20.14:411][468]LogShaderCompilers: Display: Worker (4/5): shaders left to compile 1
[2020.11.25-14.20.14:421][468]LogMaterial: Display: Missing cached shader map for material Whisp_Sight, compiling. 
[2020.11.25-14.20.14:436][468]LogUObjectHash: Compacting FUObjectHashTables data took   0.92ms
[2020.11.25-14.20.14:441][468]TextureStreamingBuild: Display: Compiling optional shaders took 0.000 seconds.
[2020.11.25-14.20.14:450][468]LogUObjectHash: Compacting FUObjectHashTables data took   0.22ms
[2020.11.25-14.20.15:038][468]LogShaderCompilers: Display: Worker (3/5): shaders left to compile 6
[2020.11.25-14.20.15:038][468]LogShaderCompilers: Display: Worker (4/5): shaders left to compile 4
[2020.11.25-14.20.15:038][468]LogShaderCompilers: Display: Worker (2/5): shaders left to compile 2
[2020.11.25-14.20.15:466][468]LogShaderCompilers: Display: Worker (1/5): shaders left to compile 1
[2020.11.25-14.20.15:485][468]Cmd: OBJ SAVEPACKAGE PACKAGE="/Game/Shaders/Shaders/Whisp_Sight" FILE="../../../../../../../unreal/Minor/MiSkiPro/Prototype1/Content/Shaders/Shaders/Whisp_Sight.uasset" SILENT=true
[2020.11.25-14.20.15:517][468]LogSavePackage: Moving '../../../../../../../unreal/Minor/MiSkiPro/Prototype1/Saved/Whisp_SightE49F4402467837461B0D578F5AABC6FE.tmp' to '../../../../../../../unreal/Minor/MiSkiPro/Prototype1/Content/Shaders/Shaders/Whisp_Sight.uasset'
[2020.11.25-14.20.15:541][468]AssetCheck: New page: Asset Save: Whisp_Sight
[2020.11.25-14.20.15:541][468]LogContentValidation: Display: Validating Material /Game/Shaders/Shaders/Whisp_Sight.Whisp_Sight
[2020.11.25-14.20.17:250][647]LogSlate: Window 'Whisp_Sight' being destroyed
[2020.11.25-14.20.17:299][647]LogWorld: UWorld::CleanupWorld for World_4, bSessionEnded=true, bCleanupResources=true
[2020.11.25-14.20.17:300][647]LogSlate: InvalidateAllWidgets triggered.  All widgets were invalidated
[2020.11.25-14.20.26:907][786]LogAudioMixer: Display: Audio Buffer Underrun detected.
